{"meta": {"format": 3, "version": "7.13.5", "timestamp": "2026-04-02T08:39:48.025950", "branch_coverage": true, "show_contexts": false}, "files": {"src/vibesop/core/config.py": {"executed_lines": [8, 9, 11, 13, 14, 17, 20, 23, 32, 41, 42, 43, 45, 57, 58, 60, 62, 66, 67, 68, 70, 76, 91, 94, 98, 103, 104, 105, 107, 113, 122, 123, 125, 141, 144, 145, 146, 149, 150, 151, 152, 154, 157, 160, 161, 162, 167, 169, 183, 184, 190, 204, 205, 207, 208, 209, 211, 212, 214, 216, 234, 271, 273, 274], "summary": {"covered_lines": 64, "num_statements": 84, "percent_covered": 75.89285714285714, "percent_covered_display": "75.89", "missing_lines": 20, "excluded_lines": 0, "percent_statements_covered": 76.19047619047619, "percent_statements_covered_display": "76.19", "num_branches": 28, "num_partial_branches": 5, "covered_branches": 21, "missing_branches": 7, "percent_branches_covered": 75.0, "percent_branches_covered_display": "75.00"}, "missing_lines": [63, 64, 72, 73, 74, 92, 100, 101, 109, 110, 111, 165, 222, 223, 225, 226, 228, 230, 232, 239], "excluded_lines": [], "executed_branches": [[57, 58], [57, 60], [62, 66], [91, 94], [98, 103], [144, 145], [144, 149], [145, 144], [145, 146], [149, 150], [149, 160], [151, 152], [154, 151], [154, 157], [160, 161], [160, 167], [162, 160], [208, 209], [208, 214], [211, 208], [211, 212]], "missing_branches": [[62, 63], [91, 92], [98, 100], [151, 167], [162, 165], [225, 226], [225, 232]], "functions": {"ConfigLoader.__init__": {"executed_lines": [41, 42, 43], "summary": {"covered_lines": 3, "num_statements": 3, "percent_covered": 100.0, "percent_covered_display": "100.00", "missing_lines": 0, "excluded_lines": 0, "percent_statements_covered": 100.0, "percent_statements_covered_display": "100.00", "num_branches": 0, "num_partial_branches": 0, "covered_branches": 0, "missing_branches": 0, "percent_branches_covered": 100.0, "percent_branches_covered_display": "100.00"}, "missing_lines": [], "excluded_lines": [], "start_line": 32, "executed_branches": [], "missing_branches": []}, "ConfigLoader.load_registry": {"executed_lines": [57, 58, 60, 62, 66, 67, 68, 70], "summary": {"covered_lines": 8, "num_statements": 13, "percent_covered": 64.70588235294117, "percent_covered_display": "64.71", "missing_lines": 5, "excluded_lines": 0, "percent_statements_covered": 61.53846153846154, "percent_statements_covered_display": "61.54", "num_branches": 4, "num_partial_branches": 1, "covered_branches": 3, "missing_branches": 1, "percent_branches_covered": 75.0, "percent_branches_covered_display": "75.00"}, "missing_lines": [63, 64, 72, 73, 74], "excluded_lines": [], "start_line": 45, "executed_branches": [[57, 58], [57, 60], [62, 66]], "missing_branches": [[62, 63]]}, "ConfigLoader.load_policy": {"executed_lines": [91, 94, 98, 103, 104, 105, 107], "summary": {"covered_lines": 7, "num_statements": 13, "percent_covered": 52.94117647058823, "percent_covered_display": "52.94", "missing_lines": 6, "excluded_lines": 0, "percent_statements_covered": 53.84615384615385, "percent_statements_covered_display": "53.85", "num_branches": 4, "num_partial_branches": 2, "covered_branches": 2, "missing_branches": 2, "percent_branches_covered": 50.0, "percent_branches_covered_display": "50.00"}, "missing_lines": [92, 100, 101, 109, 110, 111], "excluded_lines": [], "start_line": 76, "executed_branches": [[91, 94], [98, 103]], "missing_branches": [[91, 92], [98, 100]]}, "ConfigLoader.get_all_skills": {"executed_lines": [122, 123], "summary": {"covered_lines": 2, "num_statements": 2, "percent_covered": 100.0, "percent_covered_display": "100.00", "missing_lines": 0, "excluded_lines": 0, "percent_statements_covered": 100.0, "percent_statements_covered_display": "100.00", "num_branches": 0, "num_partial_branches": 0, "covered_branches": 0, "missing_branches": 0, "percent_branches_covered": 100.0, "percent_branches_covered_display": "100.00"}, "missing_lines": [], "excluded_lines": [], "start_line": 113, "executed_branches": [], "missing_branches": []}, "ConfigLoader.get_skill_by_id": {"executed_lines": [141, 144, 145, 146, 149, 150, 151, 152, 154, 157, 160, 161, 162, 167], "summary": {"covered_lines": 14, "num_statements": 15, "percent_covered": 89.65517241379311, "percent_covered_display": "89.66", "missing_lines": 1, "excluded_lines": 0, "percent_statements_covered": 93.33333333333333, "percent_statements_covered_display": "93.33", "num_branches": 14, "num_partial_branches": 2, "covered_branches": 12, "missing_branches": 2, "percent_branches_covered": 85.71428571428571, "percent_branches_covered_display": "85.71"}, "missing_lines": [165], "excluded_lines": [], "start_line": 125, "executed_branches": [[144, 145], [144, 149], [145, 144], [145, 146], [149, 150], [149, 160], [151, 152], [154, 151], [154, 157], [160, 161], [160, 167], [162, 160]], "missing_branches": [[151, 167], [162, 165]]}, "ConfigLoader.get_skills_by_namespace": {"executed_lines": [183, 184], "summary": {"covered_lines": 2, "num_statements": 2, "percent_covered": 100.0, "percent_covered_display": "100.00", "missing_lines": 0, "excluded_lines": 0, "percent_statements_covered": 100.0, "percent_statements_covered_display": "100.00", "num_branches": 0, "num_partial_branches": 0, "covered_branches": 0, "missing_branches": 0, "percent_branches_covered": 100.0, "percent_branches_covered_display": "100.00"}, "missing_lines": [], "excluded_lines": [], "start_line": 169, "executed_branches": [], "missing_branches": []}, "ConfigLoader.search_skills": {"executed_lines": [204, 205, 207, 208, 209, 211, 212, 214], "summary": {"covered_lines": 8, "num_statements": 8, "percent_covered": 100.0, "percent_covered_display": "100.00", "missing_lines": 0, "excluded_lines": 0, "percent_statements_covered": 100.0, "percent_statements_covered_display": "100.00", "num_branches": 4, "num_partial_branches": 0, "covered_branches": 4, "missing_branches": 0, "percent_branches_covered": 100.0, "percent_branches_covered_display": "100.00"}, "missing_lines": [], "excluded_lines": [], "start_line": 190, "executed_branches": [[208, 209], [208, 214], [211, 208], [211, 212]], "missing_branches": []}, "ConfigLoader.get_builtin_keywords": {"executed_lines": [], "summary": {"covered_lines": 0, "num_statements": 7, "percent_covered": 0.0, "percent_covered_display": "0.00", "missing_lines": 7, "excluded_lines": 0, "percent_statements_covered": 0.0, "percent_statements_covered_display": "0.00", "num_branches": 2, "num_partial_branches": 0, "covered_branches": 0, "missing_branches": 2, "percent_branches_covered": 0.0, "percent_branches_covered_display": "0.00"}, "missing_lines": [222, 223, 225, 226, 228, 230, 232], "excluded_lines": [], "start_line": 216, "executed_branches": [], "missing_branches": [[225, 226], [225, 232]]}, "ConfigLoader._default_policy": {"executed_lines": [], "summary": {"covered_lines": 0, "num_statements": 1, "percent_covered": 0.0, "percent_covered_display": "0.00", "missing_lines": 1, "excluded_lines": 0, "percent_statements_covered": 0.0, "percent_statements_covered_display": "0.00", "num_branches": 0, "num_partial_branches": 0, "covered_branches": 0, "missing_branches": 0, "percent_branches_covered": 100.0, "percent_branches_covered_display": "100.00"}, "missing_lines": [239], "excluded_lines": [], "start_line": 234, "executed_branches": [], "missing_branches": []}, "ConfigLoader.clear_cache": {"executed_lines": [273, 274], "summary": {"covered_lines": 2, "num_statements": 2, "percent_covered": 100.0, "percent_covered_display": "100.00", "missing_lines": 0, "excluded_lines": 0, "percent_statements_covered": 100.0, "percent_statements_covered_display": "100.00", "num_branches": 0, "num_partial_branches": 0, "covered_branches": 0, "missing_branches": 0, "percent_branches_covered": 100.0, "percent_branches_covered_display": "100.00"}, "missing_lines": [], "excluded_lines": [], "start_line": 271, "executed_branches": [], "missing_branches": []}, "": {"executed_lines": [8, 9, 11, 13, 14, 17, 20, 23, 32, 45, 76, 113, 125, 169, 190, 216, 234, 271], "summary": {"covered_lines": 18, "num_statements": 18, "percent_covered": 100.0, "percent_covered_display": "100.00", "missing_lines": 0, "excluded_lines": 0, "percent_statements_covered": 100.0, "percent_statements_covered_display": "100.00", "num_branches": 0, "num_partial_branches": 0, "covered_branches": 0, "missing_branches": 0, "percent_branches_covered": 100.0, "percent_branches_covered_display": "100.00"}, "missing_lines": [], "excluded_lines": [], "start_line": 1, "executed_branches": [], "missing_branches": []}}, "classes": {"ConfigLoadError": {"executed_lines": [], "summary": {"covered_lines": 0, "num_statements": 0, "percent_covered": 100.0, "percent_covered_display": "100.00", "missing_lines": 0, "excluded_lines": 0, "percent_statements_covered": 100.0, "percent_statements_covered_display": "100.00", "num_branches": 0, "num_partial_branches": 0, "covered_branches": 0, "missing_branches": 0, "percent_branches_covered": 100.0, "percent_branches_covered_display": "100.00"}, "missing_lines": [], "excluded_lines": [], "start_line": 17, "executed_branches": [], "missing_branches": []}, "ConfigLoader": {"executed_lines": [41, 42, 43, 57, 58, 60, 62, 66, 67, 68, 70, 91, 94, 98, 103, 104, 105, 107, 122, 123, 141, 144, 145, 146, 149, 150, 151, 152, 154, 157, 160, 161, 162, 167, 183, 184, 204, 205, 207, 208, 209, 211, 212, 214, 273, 274], "summary": {"covered_lines": 46, "num_statements": 66, "percent_covered": 71.27659574468085, "percent_covered_display": "71.28", "missing_lines": 20, "excluded_lines": 0, "percent_statements_covered": 69.6969696969697, "percent_statements_covered_display": "69.70", "num_branches": 28, "num_partial_branches": 5, "covered_branches": 21, "missing_branches": 7, "percent_branches_covered": 75.0, "percent_branches_covered_display": "75.00"}, "missing_lines": [63, 64, 72, 73, 74, 92, 100, 101, 109, 110, 111, 165, 222, 223, 225, 226, 228, 230, 232, 239], "excluded_lines": [], "start_line": 23, "executed_branches": [[57, 58], [57, 60], [62, 66], [91, 94], [98, 103], [144, 145], [144, 149], [145, 144], [145, 146], [149, 150], [149, 160], [151, 152], [154, 151], [154, 157], [160, 161], [160, 167], [162, 160], [208, 209], [208, 214], [211, 208], [211, 212]], "missing_branches": [[62, 63], [91, 92], [98, 100], [151, 167], [162, 165], [225, 226], [225, 232]]}, "": {"executed_lines": [8, 9, 11, 13, 14, 17, 20, 23, 32, 45, 76, 113, 125, 169, 190, 216, 234, 271], "summary": {"covered_lines": 18, "num_statements": 18, "percent_covered": 100.0, "percent_covered_display": "100.00", "missing_lines": 0, "excluded_lines": 0, "percent_statements_covered": 100.0, "percent_statements_covered_display": "100.00", "num_branches": 0, "num_partial_branches": 0, "covered_branches": 0, "missing_branches": 0, "percent_branches_covered": 100.0, "percent_branches_covered_display": "100.00"}, "missing_lines": [], "excluded_lines": [], "start_line": 1, "executed_branches": [], "missing_branches": []}}}, "src/vibesop/core/models.py": {"executed_lines": [6, 8, 9, 12, 23, 24, 29, 33, 34, 39, 40, 41, 51, 55, 57, 58, 60, 63, 64, 66, 69, 77, 78, 84, 93, 94, 98, 104, 115, 116, 117, 118, 119, 125, 133, 137, 140, 146, 153, 154, 158, 162, 166, 173, 174], "summary": {"covered_lines": 45, "num_statements": 47, "percent_covered": 92.72727272727273, "percent_covered_display": "92.73", "missing_lines": 2, "excluded_lines": 0, "percent_statements_covered": 95.74468085106383, "percent_statements_covered_display": "95.74", "num_branches": 8, "num_partial_branches": 2, "covered_branches": 6, "missing_branches": 2, "percent_branches_covered": 75.0, "percent_branches_covered_display": "75.00"}, "missing_lines": [52, 59], "excluded_lines": [], "executed_branches": [[51, 55], [55, 57], [55, 63], [58, 60], [63, 64], [63, 66]], "missing_branches": [[51, 52], [58, 59]], "functions": {"SkillRoute.validate_skill_id": {"executed_lines": [51, 55, 57, 58, 60, 63, 64, 66], "summary": {"covered_lines": 8, "num_statements": 10, "percent_covered": 77.77777777777777, "percent_covered_display": "77.78", "missing_lines": 2, "excluded_lines": 0, "percent_statements_covered": 80.0, "percent_statements_covered_display": "80.00", "num_branches": 8, "num_partial_branches": 2, "covered_branches": 6, "missing_branches": 2, "percent_branches_covered": 75.0, "percent_branches_covered_display": "75.00"}, "missing_lines": [52, 59], "excluded_lines": [], "start_line": 41, "executed_branches": [[51, 55], [55, 57], [55, 63], [58, 60], [63, 64], [63, 66]], "missing_branches": [[51, 52], [58, 59]]}, "": {"executed_lines": [6, 8, 9, 12, 23, 24, 29, 33, 34, 39, 40, 41, 69, 77, 78, 84, 93, 94, 98, 104, 115, 116, 117, 118, 119, 125, 133, 137, 140, 146, 153, 154, 158, 162, 166, 173, 174], "summary": {"covered_lines": 37, "num_statements": 37, "percent_covered": 100.0, "percent_covered_display": "100.00", "missing_lines": 0, "excluded_lines": 0, "percent_statements_covered": 100.0, "percent_statements_covered_display": "100.00", "num_branches": 0, "num_partial_branches": 0, "covered_branches": 0, "missing_branches": 0, "percent_branches_covered": 100.0, "percent_branches_covered_display": "100.00"}, "missing_lines": [], "excluded_lines": [], "start_line": 1, "executed_branches": [], "missing_branches": []}}, "classes": {"SkillRoute": {"executed_lines": [51, 55, 57, 58, 60, 63, 64, 66], "summary": {"covered_lines": 8, "num_statements": 10, "percent_covered": 77.77777777777777, "percent_covered_display": "77.78", "missing_lines": 2, "excluded_lines": 0, "percent_statements_covered": 80.0, "percent_statements_covered_display": "80.00", "num_branches": 8, "num_partial_branches": 2, "covered_branches": 6, "missing_branches": 2, "percent_branches_covered": 75.0, "percent_branches_covered_display": "75.00"}, "missing_lines": [52, 59], "excluded_lines": [], "start_line": 12, "executed_branches": [[51, 55], [55, 57], [55, 63], [58, 60], [63, 64], [63, 66]], "missing_branches": [[51, 52], [58, 59]]}, "RoutingRequest": {"executed_lines": [], "summary": {"covered_lines": 0, "num_statements": 0, "percent_covered": 100.0, "percent_covered_display": "100.00", "missing_lines": 0, "excluded_lines": 0, "percent_statements_covered": 100.0, "percent_statements_covered_display": "100.00", "num_branches": 0, "num_partial_branches": 0, "covered_branches": 0, "missing_branches": 0, "percent_branches_covered": 100.0, "percent_branches_covered_display": "100.00"}, "missing_lines": [], "excluded_lines": [], "start_line": 69, "executed_branches": [], "missing_branches": []}, "RoutingResult": {"executed_lines": [], "summary": {"covered_lines": 0, "num_statements": 0, "percent_covered": 100.0, "percent_covered_display": "100.00", "missing_lines": 0, "excluded_lines": 0, "percent_statements_covered": 100.0, "percent_statements_covered_display": "100.00", "num_branches": 0, "num_partial_branches": 0, "covered_branches": 0, "missing_branches": 0, "percent_branches_covered": 100.0, "percent_branches_covered_display": "100.00"}, "missing_lines": [], "excluded_lines": [], "start_line": 84, "executed_branches": [], "missing_branches": []}, "SkillDefinition": {"executed_lines": [], "summary": {"covered_lines": 0, "num_statements": 0, "percent_covered": 100.0, "percent_covered_display": "100.00", "missing_lines": 0, "excluded_lines": 0, "percent_statements_covered": 100.0, "percent_statements_covered_display": "100.00", "num_branches": 0, "num_partial_branches": 0, "covered_branches": 0, "missing_branches": 0, "percent_branches_covered": 100.0, "percent_branches_covered_display": "100.00"}, "missing_lines": [], "excluded_lines": [], "start_line": 104, "executed_branches": [], "missing_branches": []}, "SkillRegistry": {"executed_lines": [], "summary": {"covered_lines": 0, "num_statements": 0, "percent_covered": 100.0, "percent_covered_display": "100.00", "missing_lines": 0, "excluded_lines": 0, "percent_statements_covered": 100.0, "percent_statements_covered_display": "100.00", "num_branches": 0, "num_partial_branches": 0, "covered_branches": 0, "missing_branches": 0, "percent_branches_covered": 100.0, "percent_branches_covered_display": "100.00"}, "missing_lines": [], "excluded_lines": [], "start_line": 125, "executed_branches": [], "missing_branches": []}, "AppSettings": {"executed_lines": [], "summary": {"covered_lines": 0, "num_statements": 0, "percent_covered": 100.0, "percent_covered_display": "100.00", "missing_lines": 0, "excluded_lines": 0, "percent_statements_covered": 100.0, "percent_statements_covered_display": "100.00", "num_branches": 0, "num_partial_branches": 0, "covered_branches": 0, "missing_branches": 0, "percent_branches_covered": 100.0, "percent_branches_covered_display": "100.00"}, "missing_lines": [], "excluded_lines": [], "start_line": 140, "executed_branches": [], "missing_branches": []}, "": {"executed_lines": [6, 8, 9, 12, 23, 24, 29, 33, 34, 39, 40, 41, 69, 77, 78, 84, 93, 94, 98, 104, 115, 116, 117, 118, 119, 125, 133, 137, 140, 146, 153, 154, 158, 162, 166, 173, 174], "summary": {"covered_lines": 37, "num_statements": 37, "percent_covered": 100.0, "percent_covered_display": "100.00", "missing_lines": 0, "excluded_lines": 0, "percent_statements_covered": 100.0, "percent_statements_covered_display": "100.00", "num_branches": 0, "num_partial_branches": 0, "covered_branches": 0, "missing_branches": 0, "percent_branches_covered": 100.0, "percent_branches_covered_display": "100.00"}, "missing_lines": [], "excluded_lines": [], "start_line": 1, "executed_branches": [], "missing_branches": []}}}, "src/vibesop/core/routing/cache.py": {"executed_lines": [10, 11, 12, 13, 14, 15, 16, 17, 20, 21, 30, 31, 32, 34, 39, 40, 50, 51, 52, 53, 55, 56, 63, 71, 77, 87, 98, 99, 101, 102, 103, 105, 147, 170, 179, 193, 214, 224, 242, 246, 256], "summary": {"covered_lines": 41, "num_statements": 101, "percent_covered": 35.042735042735046, "percent_covered_display": "35.04", "missing_lines": 60, "excluded_lines": 0, "percent_statements_covered": 40.59405940594059, "percent_statements_covered_display": "40.59", "num_branches": 16, "num_partial_branches": 0, "covered_branches": 0, "missing_branches": 16, "percent_branches_covered": 0.0, "percent_branches_covered_display": "0.00"}, "missing_lines": [36, 58, 59, 60, 61, 65, 66, 67, 69, 73, 74, 117, 118, 119, 120, 122, 123, 126, 127, 128, 129, 130, 131, 133, 134, 137, 138, 139, 140, 142, 144, 145, 162, 165, 168, 172, 175, 176, 177, 185, 207, 208, 211, 212, 217, 219, 220, 222, 226, 228, 229, 230, 238, 240, 244, 249, 251, 253, 254, 258], "excluded_lines": [], "executed_branches": [], "missing_branches": [[58, 59], [58, 60], [66, 67], [66, 69], [117, 118], [117, 126], [119, 120], [119, 122], [127, 128], [127, 144], [133, 134], [133, 137], [175, -170], [175, 176], [217, 219], [217, 222]], "functions": {"CacheEntry.is_expired": {"executed_lines": [], "summary": {"covered_lines": 0, "num_statements": 1, "percent_covered": 0.0, "percent_covered_display": "0.00", "missing_lines": 1, "excluded_lines": 0, "percent_statements_covered": 0.0, "percent_statements_covered_display": "0.00", "num_branches": 0, "num_partial_branches": 0, "covered_branches": 0, "missing_branches": 0, "percent_branches_covered": 100.0, "percent_branches_covered_display": "100.00"}, "missing_lines": [36], "excluded_lines": [], "start_line": 34, "executed_branches": [], "missing_branches": []}, "CacheStats.hit_rate": {"executed_lines": [], "summary": {"covered_lines": 0, "num_statements": 4, "percent_covered": 0.0, "percent_covered_display": "0.00", "missing_lines": 4, "excluded_lines": 0, "percent_statements_covered": 0.0, "percent_statements_covered_display": "0.00", "num_branches": 2, "num_partial_branches": 0, "covered_branches": 0, "missing_branches": 2, "percent_branches_covered": 0.0, "percent_branches_covered_display": "0.00"}, "missing_lines": [58, 59, 60, 61], "excluded_lines": [], "start_line": 56, "executed_branches": [], "missing_branches": [[58, 59], [58, 60]]}, "CacheStats.record_hit": {"executed_lines": [], "summary": {"covered_lines": 0, "num_statements": 4, "percent_covered": 0.0, "percent_covered_display": "0.00", "missing_lines": 4, "excluded_lines": 0, "percent_statements_covered": 0.0, "percent_statements_covered_display": "0.00", "num_branches": 2, "num_partial_branches": 0, "covered_branches": 0, "missing_branches": 2, "percent_branches_covered": 0.0, "percent_branches_covered_display": "0.00"}, "missing_lines": [65, 66, 67, 69], "excluded_lines": [], "start_line": 63, "executed_branches": [], "missing_branches": [[66, 67], [66, 69]]}, "CacheStats.record_miss": {"executed_lines": [], "summary": {"covered_lines": 0, "num_statements": 2, "percent_covered": 0.0, "percent_covered_display": "0.00", "missing_lines": 2, "excluded_lines": 0, "percent_statements_covered": 0.0, "percent_statements_covered_display": "0.00", "num_branches": 0, "num_partial_branches": 0, "covered_branches": 0, "missing_branches": 0, "percent_branches_covered": 100.0, "percent_branches_covered_display": "100.00"}, "missing_lines": [73, 74], "excluded_lines": [], "start_line": 71, "executed_branches": [], "missing_branches": []}, "CacheManager.__init__": {"executed_lines": [98, 99, 101, 102, 103], "summary": {"covered_lines": 5, "num_statements": 5, "percent_covered": 100.0, "percent_covered_display": "100.00", "missing_lines": 0, "excluded_lines": 0, "percent_statements_covered": 100.0, "percent_statements_covered_display": "100.00", "num_branches": 0, "num_partial_branches": 0, "covered_branches": 0, "missing_branches": 0, "percent_branches_covered": 100.0, "percent_branches_covered_display": "100.00"}, "missing_lines": [], "excluded_lines": [], "start_line": 87, "executed_branches": [], "missing_branches": []}, "CacheManager.get": {"executed_lines": [], "summary": {"covered_lines": 0, "num_statements": 21, "percent_covered": 0.0, "percent_covered_display": "0.00", "missing_lines": 21, "excluded_lines": 0, "percent_statements_covered": 0.0, "percent_statements_covered_display": "0.00", "num_branches": 8, "num_partial_branches": 0, "covered_branches": 0, "missing_branches": 8, "percent_branches_covered": 0.0, "percent_branches_covered_display": "0.00"}, "missing_lines": [117, 118, 119, 120, 122, 123, 126, 127, 128, 129, 130, 131, 133, 134, 137, 138, 139, 140, 142, 144, 145], "excluded_lines": [], "start_line": 105, "executed_branches": [], "missing_branches": [[117, 118], [117, 126], [119, 120], [119, 122], [127, 128], [127, 144], [133, 134], [133, 137]]}, "CacheManager.set": {"executed_lines": [], "summary": {"covered_lines": 0, "num_statements": 3, "percent_covered": 0.0, "percent_covered_display": "0.00", "missing_lines": 3, "excluded_lines": 0, "percent_statements_covered": 0.0, "percent_statements_covered_display": "0.00", "num_branches": 0, "num_partial_branches": 0, "covered_branches": 0, "missing_branches": 0, "percent_branches_covered": 100.0, "percent_branches_covered_display": "100.00"}, "missing_lines": [162, 165, 168], "excluded_lines": [], "start_line": 147, "executed_branches": [], "missing_branches": []}, "CacheManager.clear": {"executed_lines": [], "summary": {"covered_lines": 0, "num_statements": 4, "percent_covered": 0.0, "percent_covered_display": "0.00", "missing_lines": 4, "excluded_lines": 0, "percent_statements_covered": 0.0, "percent_statements_covered_display": "0.00", "num_branches": 2, "num_partial_branches": 0, "covered_branches": 0, "missing_branches": 2, "percent_branches_covered": 0.0, "percent_branches_covered_display": "0.00"}, "missing_lines": [172, 175, 176, 177], "excluded_lines": [], "start_line": 170, "executed_branches": [], "missing_branches": [[175, -170], [175, 176]]}, "CacheManager.stats": {"executed_lines": [], "summary": {"covered_lines": 0, "num_statements": 1, "percent_covered": 0.0, "percent_covered_display": "0.00", "missing_lines": 1, "excluded_lines": 0, "percent_statements_covered": 0.0, "percent_statements_covered_display": "0.00", "num_branches": 0, "num_partial_branches": 0, "covered_branches": 0, "missing_branches": 0, "percent_branches_covered": 100.0, "percent_branches_covered_display": "100.00"}, "missing_lines": [185], "excluded_lines": [], "start_line": 179, "executed_branches": [], "missing_branches": []}, "CacheManager.generate_key": {"executed_lines": [], "summary": {"covered_lines": 0, "num_statements": 4, "percent_covered": 0.0, "percent_covered_display": "0.00", "missing_lines": 4, "excluded_lines": 0, "percent_statements_covered": 0.0, "percent_statements_covered_display": "0.00", "num_branches": 0, "num_partial_branches": 0, "covered_branches": 0, "missing_branches": 0, "percent_branches_covered": 100.0, "percent_branches_covered_display": "100.00"}, "missing_lines": [207, 208, 211, 212], "excluded_lines": [], "start_line": 193, "executed_branches": [], "missing_branches": []}, "CacheManager._set_memory_cache": {"executed_lines": [], "summary": {"covered_lines": 0, "num_statements": 4, "percent_covered": 0.0, "percent_covered_display": "0.00", "missing_lines": 4, "excluded_lines": 0, "percent_statements_covered": 0.0, "percent_statements_covered_display": "0.00", "num_branches": 2, "num_partial_branches": 0, "covered_branches": 0, "missing_branches": 2, "percent_branches_covered": 0.0, "percent_branches_covered_display": "0.00"}, "missing_lines": [217, 219, 220, 222], "excluded_lines": [], "start_line": 214, "executed_branches": [], "missing_branches": [[217, 219], [217, 222]]}, "CacheManager._set_file_cache": {"executed_lines": [], "summary": {"covered_lines": 0, "num_statements": 6, "percent_covered": 0.0, "percent_covered_display": "0.00", "missing_lines": 6, "excluded_lines": 0, "percent_statements_covered": 0.0, "percent_statements_covered_display": "0.00", "num_branches": 0, "num_partial_branches": 0, "covered_branches": 0, "missing_branches": 0, "percent_branches_covered": 100.0, "percent_branches_covered_display": "100.00"}, "missing_lines": [226, 228, 229, 230, 238, 240], "excluded_lines": [], "start_line": 224, "executed_branches": [], "missing_branches": []}, "CacheManager._get_file_path": {"executed_lines": [], "summary": {"covered_lines": 0, "num_statements": 1, "percent_covered": 0.0, "percent_covered_display": "0.00", "missing_lines": 1, "excluded_lines": 0, "percent_statements_covered": 0.0, "percent_statements_covered_display": "0.00", "num_branches": 0, "num_partial_branches": 0, "covered_branches": 0, "missing_branches": 0, "percent_branches_covered": 100.0, "percent_branches_covered_display": "100.00"}, "missing_lines": [244], "excluded_lines": [], "start_line": 242, "executed_branches": [], "missing_branches": []}, "CacheManager._normalize_for_cache": {"executed_lines": [], "summary": {"covered_lines": 0, "num_statements": 4, "percent_covered": 0.0, "percent_covered_display": "0.00", "missing_lines": 4, "excluded_lines": 0, "percent_statements_covered": 0.0, "percent_statements_covered_display": "0.00", "num_branches": 0, "num_partial_branches": 0, "covered_branches": 0, "missing_branches": 0, "percent_branches_covered": 100.0, "percent_branches_covered_display": "100.00"}, "missing_lines": [249, 251, 253, 254], "excluded_lines": [], "start_line": 246, "executed_branches": [], "missing_branches": []}, "CacheManager._extract_relevant_context": {"executed_lines": [], "summary": {"covered_lines": 0, "num_statements": 1, "percent_covered": 0.0, "percent_covered_display": "0.00", "missing_lines": 1, "excluded_lines": 0, "percent_statements_covered": 0.0, "percent_statements_covered_display": "0.00", "num_branches": 0, "num_partial_branches": 0, "covered_branches": 0, "missing_branches": 0, "percent_branches_covered": 100.0, "percent_branches_covered_display": "100.00"}, "missing_lines": [258], "excluded_lines": [], "start_line": 256, "executed_branches": [], "missing_branches": []}, "": {"executed_lines": [10, 11, 12, 13, 14, 15, 16, 17, 20, 21, 30, 31, 32, 34, 39, 40, 50, 51, 52, 53, 55, 56, 63, 71, 77, 87, 105, 147, 170, 179, 193, 214, 224, 242, 246, 256], "summary": {"covered_lines": 36, "num_statements": 36, "percent_covered": 100.0, "percent_covered_display": "100.00", "missing_lines": 0, "excluded_lines": 0, "percent_statements_covered": 100.0, "percent_statements_covered_display": "100.00", "num_branches": 0, "num_partial_branches": 0, "covered_branches": 0, "missing_branches": 0, "percent_branches_covered": 100.0, "percent_branches_covered_display": "100.00"}, "missing_lines": [], "excluded_lines": [], "start_line": 1, "executed_branches": [], "missing_branches": []}}, "classes": {"CacheEntry": {"executed_lines": [], "summary": {"covered_lines": 0, "num_statements": 1, "percent_covered": 0.0, "percent_covered_display": "0.00", "missing_lines": 1, "excluded_lines": 0, "percent_statements_covered": 0.0, "percent_statements_covered_display": "0.00", "num_branches": 0, "num_partial_branches": 0, "covered_branches": 0, "missing_branches": 0, "percent_branches_covered": 100.0, "percent_branches_covered_display": "100.00"}, "missing_lines": [36], "excluded_lines": [], "start_line": 21, "executed_branches": [], "missing_branches": []}, "CacheStats": {"executed_lines": [], "summary": {"covered_lines": 0, "num_statements": 10, "percent_covered": 0.0, "percent_covered_display": "0.00", "missing_lines": 10, "excluded_lines": 0, "percent_statements_covered": 0.0, "percent_statements_covered_display": "0.00", "num_branches": 4, "num_partial_branches": 0, "covered_branches": 0, "missing_branches": 4, "percent_branches_covered": 0.0, "percent_branches_covered_display": "0.00"}, "missing_lines": [58, 59, 60, 61, 65, 66, 67, 69, 73, 74], "excluded_lines": [], "start_line": 40, "executed_branches": [], "missing_branches": [[58, 59], [58, 60], [66, 67], [66, 69]]}, "CacheManager": {"executed_lines": [98, 99, 101, 102, 103], "summary": {"covered_lines": 5, "num_statements": 54, "percent_covered": 7.575757575757576, "percent_covered_display": "7.58", "missing_lines": 49, "excluded_lines": 0, "percent_statements_covered": 9.25925925925926, "percent_statements_covered_display": "9.26", "num_branches": 12, "num_partial_branches": 0, "covered_branches": 0, "missing_branches": 12, "percent_branches_covered": 0.0, "percent_branches_covered_display": "0.00"}, "missing_lines": [117, 118, 119, 120, 122, 123, 126, 127, 128, 129, 130, 131, 133, 134, 137, 138, 139, 140, 142, 144, 145, 162, 165, 168, 172, 175, 176, 177, 185, 207, 208, 211, 212, 217, 219, 220, 222, 226, 228, 229, 230, 238, 240, 244, 249, 251, 253, 254, 258], "excluded_lines": [], "start_line": 77, "executed_branches": [], "missing_branches": [[117, 118], [117, 126], [119, 120], [119, 122], [127, 128], [127, 144], [133, 134], [133, 137], [175, -170], [175, 176], [217, 219], [217, 222]]}, "": {"executed_lines": [10, 11, 12, 13, 14, 15, 16, 17, 20, 21, 30, 31, 32, 34, 39, 40, 50, 51, 52, 53, 55, 56, 63, 71, 77, 87, 105, 147, 170, 179, 193, 214, 224, 242, 246, 256], "summary": {"covered_lines": 36, "num_statements": 36, "percent_covered": 100.0, "percent_covered_display": "100.00", "missing_lines": 0, "excluded_lines": 0, "percent_statements_covered": 100.0, "percent_statements_covered_display": "100.00", "num_branches": 0, "num_partial_branches": 0, "covered_branches": 0, "missing_branches": 0, "percent_branches_covered": 100.0, "percent_branches_covered_display": "100.00"}, "missing_lines": [], "excluded_lines": [], "start_line": 1, "executed_branches": [], "missing_branches": []}}}, "src/vibesop/core/routing/engine.py": {"executed_lines": [11, 12, 13, 14, 16, 17, 22, 23, 24, 25, 28, 29, 37, 38, 50, 63, 76, 77, 80, 83, 86, 87, 89, 90, 95, 100, 102, 110, 113, 116, 118, 120, 121, 124, 127, 143, 152, 155, 158, 159, 160, 162, 166, 168, 175, 176, 178, 184, 189, 205, 206, 207, 208, 209, 210, 211, 212, 213, 214, 215, 219, 228, 229, 268, 274, 286, 297, 299, 309, 313, 314, 315, 323, 327, 328, 330, 331, 339, 340, 341, 343, 344, 352, 353, 354, 355, 362, 364, 369, 371, 380, 382, 390, 392, 401, 403, 409, 410, 412, 419, 425, 428, 430, 431, 433, 456, 469, 476, 478], "summary": {"covered_lines": 109, "num_statements": 164, "percent_covered": 62.608695652173914, "percent_covered_display": "62.61", "missing_lines": 55, "excluded_lines": 0, "percent_statements_covered": 66.46341463414635, "percent_statements_covered_display": "66.46", "num_branches": 66, "num_partial_branches": 15, "covered_branches": 35, "missing_branches": 31, "percent_branches_covered": 53.03030303030303, "percent_branches_covered_display": "53.03"}, "missing_lines": [103, 104, 105, 106, 107, 129, 131, 132, 140, 141, 216, 217, 232, 233, 234, 235, 238, 240, 241, 248, 249, 251, 252, 253, 260, 261, 262, 264, 266, 275, 276, 277, 278, 287, 288, 289, 290, 329, 342, 372, 373, 393, 394, 436, 437, 441, 442, 443, 445, 460, 461, 464, 465, 467, 483], "excluded_lines": [], "executed_branches": [[89, 90], [95, 100], [102, 110], [158, 159], [158, 175], [160, 158], [160, 162], [206, 207], [206, 208], [208, 209], [208, 210], [210, 211], [210, 212], [212, 213], [212, 214], [214, 215], [228, 229], [274, 286], [286, 297], [309, 313], [309, 323], [314, 315], [323, 327], [323, 339], [328, 330], [330, 331], [339, 340], [339, 352], [341, 343], [343, 344], [352, 353], [352, 362], [354, 355], [371, 380], [392, 401]], "missing_branches": [[89, 95], [95, 102], [102, 103], [214, 216], [228, 232], [234, 235], [234, 238], [249, 251], [249, 266], [252, 253], [252, 266], [274, 275], [277, 278], [277, 286], [286, 287], [289, 290], [289, 297], [314, 323], [328, 329], [330, 339], [341, 342], [343, 352], [354, 362], [371, 372], [392, 393], [442, 443], [442, 445], [460, 461], [460, 464], [464, 465], [464, 467]], "functions": {"SkillRouter.__init__": {"executed_lines": [76, 77, 80, 83, 86, 87, 89, 90, 95, 100, 102, 110, 113, 116], "summary": {"covered_lines": 14, "num_statements": 19, "percent_covered": 68.0, "percent_covered_display": "68.00", "missing_lines": 5, "excluded_lines": 0, "percent_statements_covered": 73.6842105263158, "percent_statements_covered_display": "73.68", "num_branches": 6, "num_partial_branches": 3, "covered_branches": 3, "missing_branches": 3, "percent_branches_covered": 50.0, "percent_branches_covered_display": "50.00"}, "missing_lines": [103, 104, 105, 106, 107], "excluded_lines": [], "start_line": 63, "executed_branches": [[89, 90], [95, 100], [102, 110]], "missing_branches": [[89, 95], [95, 102], [102, 103]]}, "SkillRouter._load_skills": {"executed_lines": [120, 121, 124, 127], "summary": {"covered_lines": 4, "num_statements": 9, "percent_covered": 44.44444444444444, "percent_covered_display": "44.44", "missing_lines": 5, "excluded_lines": 0, "percent_statements_covered": 44.44444444444444, "percent_statements_covered_display": "44.44", "num_branches": 0, "num_partial_branches": 0, "covered_branches": 0, "missing_branches": 0, "percent_branches_covered": 100.0, "percent_branches_covered_display": "100.00"}, "missing_lines": [129, 131, 132, 140, 141], "excluded_lines": [], "start_line": 118, "executed_branches": [], "missing_branches": []}, "SkillRouter.route": {"executed_lines": [152, 155, 158, 159, 160, 162, 166, 168, 175, 176], "summary": {"covered_lines": 10, "num_statements": 10, "percent_covered": 100.0, "percent_covered_display": "100.00", "missing_lines": 0, "excluded_lines": 0, "percent_statements_covered": 100.0, "percent_statements_covered_display": "100.00", "num_branches": 4, "num_partial_branches": 0, "covered_branches": 4, "missing_branches": 0, "percent_branches_covered": 100.0, "percent_branches_covered_display": "100.00"}, "missing_lines": [], "excluded_lines": [], "start_line": 143, "executed_branches": [[158, 159], [158, 175], [160, 158], [160, 162]], "missing_branches": []}, "SkillRouter.get_stats": {"executed_lines": [184], "summary": {"covered_lines": 1, "num_statements": 1, "percent_covered": 100.0, "percent_covered_display": "100.00", "missing_lines": 0, "excluded_lines": 0, "percent_statements_covered": 100.0, "percent_statements_covered_display": "100.00", "num_branches": 0, "num_partial_branches": 0, "covered_branches": 0, "missing_branches": 0, "percent_branches_covered": 100.0, "percent_branches_covered_display": "100.00"}, "missing_lines": [], "excluded_lines": [], "start_line": 178, "executed_branches": [], "missing_branches": []}, "SkillRouter._try_layer": {"executed_lines": [205, 206, 207, 208, 209, 210, 211, 212, 213, 214, 215], "summary": {"covered_lines": 11, "num_statements": 13, "percent_covered": 86.95652173913044, "percent_covered_display": "86.96", "missing_lines": 2, "excluded_lines": 0, "percent_statements_covered": 84.61538461538461, "percent_statements_covered_display": "84.62", "num_branches": 10, "num_partial_branches": 1, "covered_branches": 9, "missing_branches": 1, "percent_branches_covered": 90.0, "percent_branches_covered_display": "90.00"}, "missing_lines": [216, 217], "excluded_lines": [], "start_line": 189, "executed_branches": [[206, 207], [206, 208], [208, 209], [208, 210], [210, 211], [210, 212], [212, 213], [212, 214], [214, 215]], "missing_branches": [[214, 216]]}, "SkillRouter._layer_0_ai_triage": {"executed_lines": [228, 229], "summary": {"covered_lines": 2, "num_statements": 19, "percent_covered": 11.11111111111111, "percent_covered_display": "11.11", "missing_lines": 17, "excluded_lines": 0, "percent_statements_covered": 10.526315789473685, "percent_statements_covered_display": "10.53", "num_branches": 8, "num_partial_branches": 1, "covered_branches": 1, "missing_branches": 7, "percent_branches_covered": 12.5, "percent_branches_covered_display": "12.50"}, "missing_lines": [232, 233, 234, 235, 238, 240, 241, 248, 249, 251, 252, 253, 260, 261, 262, 264, 266], "excluded_lines": [], "start_line": 219, "executed_branches": [[228, 229]], "missing_branches": [[228, 232], [234, 235], [234, 238], [249, 251], [249, 266], [252, 253], [252, 266]]}, "SkillRouter._layer_1_explicit": {"executed_lines": [274, 286, 297], "summary": {"covered_lines": 3, "num_statements": 11, "percent_covered": 26.31578947368421, "percent_covered_display": "26.32", "missing_lines": 8, "excluded_lines": 0, "percent_statements_covered": 27.272727272727273, "percent_statements_covered_display": "27.27", "num_branches": 8, "num_partial_branches": 2, "covered_branches": 2, "missing_branches": 6, "percent_branches_covered": 25.0, "percent_branches_covered_display": "25.00"}, "missing_lines": [275, 276, 277, 278, 287, 288, 289, 290], "excluded_lines": [], "start_line": 268, "executed_branches": [[274, 286], [286, 297]], "missing_branches": [[274, 275], [277, 278], [277, 286], [286, 287], [289, 290], [289, 297]]}, "SkillRouter._layer_2_scenario": {"executed_lines": [309, 313, 314, 315, 323, 327, 328, 330, 331, 339, 340, 341, 343, 344, 352, 353, 354, 355, 362], "summary": {"covered_lines": 19, "num_statements": 21, "percent_covered": 80.48780487804878, "percent_covered_display": "80.49", "missing_lines": 2, "excluded_lines": 0, "percent_statements_covered": 90.47619047619048, "percent_statements_covered_display": "90.48", "num_branches": 20, "num_partial_branches": 6, "covered_branches": 14, "missing_branches": 6, "percent_branches_covered": 70.0, "percent_branches_covered_display": "70.00"}, "missing_lines": [329, 342], "excluded_lines": [], "start_line": 299, "executed_branches": [[309, 313], [309, 323], [314, 315], [323, 327], [323, 339], [328, 330], [330, 331], [339, 340], [339, 352], [341, 343], [343, 344], [352, 353], [352, 362], [354, 355]], "missing_branches": [[314, 323], [328, 329], [330, 339], [341, 342], [343, 352], [354, 362]]}, "SkillRouter._layer_3_semantic": {"executed_lines": [369, 371, 380], "summary": {"covered_lines": 3, "num_statements": 5, "percent_covered": 57.142857142857146, "percent_covered_display": "57.14", "missing_lines": 2, "excluded_lines": 0, "percent_statements_covered": 60.0, "percent_statements_covered_display": "60.00", "num_branches": 2, "num_partial_branches": 1, "covered_branches": 1, "missing_branches": 1, "percent_branches_covered": 50.0, "percent_branches_covered_display": "50.00"}, "missing_lines": [372, 373], "excluded_lines": [], "start_line": 364, "executed_branches": [[371, 380]], "missing_branches": [[371, 372]]}, "SkillRouter._layer_4_fuzzy": {"executed_lines": [390, 392, 401], "summary": {"covered_lines": 3, "num_statements": 5, "percent_covered": 57.142857142857146, "percent_covered_display": "57.14", "missing_lines": 2, "excluded_lines": 0, "percent_statements_covered": 60.0, "percent_statements_covered_display": "60.00", "num_branches": 2, "num_partial_branches": 1, "covered_branches": 1, "missing_branches": 1, "percent_branches_covered": 50.0, "percent_branches_covered_display": "50.00"}, "missing_lines": [393, 394], "excluded_lines": [], "start_line": 382, "executed_branches": [[392, 401]], "missing_branches": [[392, 393]]}, "SkillRouter._no_match_result": {"executed_lines": [409, 410, 412, 419], "summary": {"covered_lines": 4, "num_statements": 4, "percent_covered": 100.0, "percent_covered_display": "100.00", "missing_lines": 0, "excluded_lines": 0, "percent_statements_covered": 100.0, "percent_statements_covered_display": "100.00", "num_branches": 0, "num_partial_branches": 0, "covered_branches": 0, "missing_branches": 0, "percent_branches_covered": 100.0, "percent_branches_covered_display": "100.00"}, "missing_lines": [], "excluded_lines": [], "start_line": 403, "executed_branches": [], "missing_branches": []}, "SkillRouter._normalize_input": {"executed_lines": [428, 430, 431], "summary": {"covered_lines": 3, "num_statements": 3, "percent_covered": 100.0, "percent_covered_display": "100.00", "missing_lines": 0, "excluded_lines": 0, "percent_statements_covered": 100.0, "percent_statements_covered_display": "100.00", "num_branches": 0, "num_partial_branches": 0, "covered_branches": 0, "missing_branches": 0, "percent_branches_covered": 100.0, "percent_branches_covered_display": "100.00"}, "missing_lines": [], "excluded_lines": [], "start_line": 425, "executed_branches": [], "missing_branches": []}, "SkillRouter._build_triage_prompt": {"executed_lines": [], "summary": {"covered_lines": 0, "num_statements": 6, "percent_covered": 0.0, "percent_covered_display": "0.00", "missing_lines": 6, "excluded_lines": 0, "percent_statements_covered": 0.0, "percent_statements_covered_display": "0.00", "num_branches": 2, "num_partial_branches": 0, "covered_branches": 0, "missing_branches": 2, "percent_branches_covered": 0.0, "percent_branches_covered_display": "0.00"}, "missing_lines": [436, 437, 441, 442, 443, 445], "excluded_lines": [], "start_line": 433, "executed_branches": [], "missing_branches": [[442, 443], [442, 445]]}, "SkillRouter._parse_ai_response": {"executed_lines": [], "summary": {"covered_lines": 0, "num_statements": 5, "percent_covered": 0.0, "percent_covered_display": "0.00", "missing_lines": 5, "excluded_lines": 0, "percent_statements_covered": 0.0, "percent_statements_covered_display": "0.00", "num_branches": 4, "num_partial_branches": 0, "covered_branches": 0, "missing_branches": 4, "percent_branches_covered": 0.0, "percent_branches_covered_display": "0.00"}, "missing_lines": [460, 461, 464, 465, 467], "excluded_lines": [], "start_line": 456, "executed_branches": [], "missing_branches": [[460, 461], [460, 464], [464, 465], [464, 467]]}, "SkillRouter._get_alternatives": {"executed_lines": [476], "summary": {"covered_lines": 1, "num_statements": 1, "percent_covered": 100.0, "percent_covered_display": "100.00", "missing_lines": 0, "excluded_lines": 0, "percent_statements_covered": 100.0, "percent_statements_covered_display": "100.00", "num_branches": 0, "num_partial_branches": 0, "covered_branches": 0, "missing_branches": 0, "percent_branches_covered": 100.0, "percent_branches_covered_display": "100.00"}, "missing_lines": [], "excluded_lines": [], "start_line": 469, "executed_branches": [], "missing_branches": []}, "SkillRouter._load_mock_registry": {"executed_lines": [], "summary": {"covered_lines": 0, "num_statements": 1, "percent_covered": 0.0, "percent_covered_display": "0.00", "missing_lines": 1, "excluded_lines": 0, "percent_statements_covered": 0.0, "percent_statements_covered_display": "0.00", "num_branches": 0, "num_partial_branches": 0, "covered_branches": 0, "missing_branches": 0, "percent_branches_covered": 100.0, "percent_branches_covered_display": "100.00"}, "missing_lines": [483], "excluded_lines": [], "start_line": 478, "executed_branches": [], "missing_branches": []}, "": {"executed_lines": [11, 12, 13, 14, 16, 17, 22, 23, 24, 25, 28, 29, 37, 38, 50, 63, 118, 143, 178, 189, 219, 268, 299, 364, 382, 403, 425, 433, 456, 469, 478], "summary": {"covered_lines": 31, "num_statements": 31, "percent_covered": 100.0, "percent_covered_display": "100.00", "missing_lines": 0, "excluded_lines": 0, "percent_statements_covered": 100.0, "percent_statements_covered_display": "100.00", "num_branches": 0, "num_partial_branches": 0, "covered_branches": 0, "missing_branches": 0, "percent_branches_covered": 100.0, "percent_branches_covered_display": "100.00"}, "missing_lines": [], "excluded_lines": [], "start_line": 1, "executed_branches": [], "missing_branches": []}}, "classes": {"RoutingStats": {"executed_lines": [], "summary": {"covered_lines": 0, "num_statements": 0, "percent_covered": 100.0, "percent_covered_display": "100.00", "missing_lines": 0, "excluded_lines": 0, "percent_statements_covered": 100.0, "percent_statements_covered_display": "100.00", "num_branches": 0, "num_partial_branches": 0, "covered_branches": 0, "missing_branches": 0, "percent_branches_covered": 100.0, "percent_branches_covered_display": "100.00"}, "missing_lines": [], "excluded_lines": [], "start_line": 29, "executed_branches": [], "missing_branches": []}, "SkillRouter": {"executed_lines": [76, 77, 80, 83, 86, 87, 89, 90, 95, 100, 102, 110, 113, 116, 120, 121, 124, 127, 152, 155, 158, 159, 160, 162, 166, 168, 175, 176, 184, 205, 206, 207, 208, 209, 210, 211, 212, 213, 214, 215, 228, 229, 274, 286, 297, 309, 313, 314, 315, 323, 327, 328, 330, 331, 339, 340, 341, 343, 344, 352, 353, 354, 355, 362, 369, 371, 380, 390, 392, 401, 409, 410, 412, 419, 428, 430, 431, 476], "summary": {"covered_lines": 78, "num_statements": 133, "percent_covered": 56.78391959798995, "percent_covered_display": "56.78", "missing_lines": 55, "excluded_lines": 0, "percent_statements_covered": 58.64661654135338, "percent_statements_covered_display": "58.65", "num_branches": 66, "num_partial_branches": 15, "covered_branches": 35, "missing_branches": 31, "percent_branches_covered": 53.03030303030303, "percent_branches_covered_display": "53.03"}, "missing_lines": [103, 104, 105, 106, 107, 129, 131, 132, 140, 141, 216, 217, 232, 233, 234, 235, 238, 240, 241, 248, 249, 251, 252, 253, 260, 261, 262, 264, 266, 275, 276, 277, 278, 287, 288, 289, 290, 329, 342, 372, 373, 393, 394, 436, 437, 441, 442, 443, 445, 460, 461, 464, 465, 467, 483], "excluded_lines": [], "start_line": 50, "executed_branches": [[89, 90], [95, 100], [102, 110], [158, 159], [158, 175], [160, 158], [160, 162], [206, 207], [206, 208], [208, 209], [208, 210], [210, 211], [210, 212], [212, 213], [212, 214], [214, 215], [228, 229], [274, 286], [286, 297], [309, 313], [309, 323], [314, 315], [323, 327], [323, 339], [328, 330], [330, 331], [339, 340], [339, 352], [341, 343], [343, 344], [352, 353], [352, 362], [354, 355], [371, 380], [392, 401]], "missing_branches": [[89, 95], [95, 102], [102, 103], [214, 216], [228, 232], [234, 235], [234, 238], [249, 251], [249, 266], [252, 253], [252, 266], [274, 275], [277, 278], [277, 286], [286, 287], [289, 290], [289, 297], [314, 323], [328, 329], [330, 339], [341, 342], [343, 352], [354, 362], [371, 372], [392, 393], [442, 443], [442, 445], [460, 461], [460, 464], [464, 465], [464, 467]]}, "": {"executed_lines": [11, 12, 13, 14, 16, 17, 22, 23, 24, 25, 28, 29, 37, 38, 50, 63, 118, 143, 178, 189, 219, 268, 299, 364, 382, 403, 425, 433, 456, 469, 478], "summary": {"covered_lines": 31, "num_statements": 31, "percent_covered": 100.0, "percent_covered_display": "100.00", "missing_lines": 0, "excluded_lines": 0, "percent_statements_covered": 100.0, "percent_statements_covered_display": "100.00", "num_branches": 0, "num_partial_branches": 0, "covered_branches": 0, "missing_branches": 0, "percent_branches_covered": 100.0, "percent_branches_covered_display": "100.00"}, "missing_lines": [], "excluded_lines": [], "start_line": 1, "executed_branches": [], "missing_branches": []}}}, "src/vibesop/core/routing/fuzzy.py": {"executed_lines": [9, 10, 13, 14, 24, 25, 26, 27, 30, 40, 51, 52, 53, 55, 61, 63, 64, 68, 69, 70, 73, 75, 76, 77, 79, 93, 94, 97, 98, 100, 103, 105, 106, 108, 109, 111, 113, 115, 117, 118, 120, 121, 122, 124, 129, 139, 141, 143, 159, 160, 162, 163, 166, 168, 169, 171, 173, 174, 175, 178, 180, 182, 184, 195, 196, 198, 199, 200, 201, 202, 205, 206, 207, 208, 209, 211, 213, 227, 229, 232, 233, 235, 236, 238, 239, 241, 245, 247, 251, 252, 253, 255], "summary": {"covered_lines": 92, "num_statements": 94, "percent_covered": 95.71428571428571, "percent_covered_display": "95.71", "missing_lines": 2, "excluded_lines": 0, "percent_statements_covered": 97.87234042553192, "percent_statements_covered_display": "97.87", "num_branches": 46, "num_partial_branches": 4, "covered_branches": 42, "missing_branches": 4, "percent_branches_covered": 91.30434782608695, "percent_branches_covered_display": "91.30"}, "missing_lines": [230, 249], "excluded_lines": [], "executed_branches": [[63, -55], [63, 64], [69, 70], [69, 73], [76, 63], [76, 77], [93, 94], [93, 97], [103, 105], [103, 139], [105, 106], [105, 108], [111, 113], [111, 124], [115, 111], [115, 117], [120, 121], [124, 103], [124, 129], [159, 160], [159, 162], [162, 163], [162, 166], [168, 169], [168, 182], [171, 173], [171, 180], [198, 199], [198, 205], [200, 201], [200, 202], [206, 207], [206, 211], [208, 206], [208, 209], [229, 232], [233, 235], [233, 255], [238, 239], [238, 251], [245, 247], [252, 253]], "missing_branches": [[120, 111], [229, 230], [245, 249], [252, 233]], "functions": {"FuzzyMatcher.__init__": {"executed_lines": [51, 52, 53], "summary": {"covered_lines": 3, "num_statements": 3, "percent_covered": 100.0, "percent_covered_display": "100.00", "missing_lines": 0, "excluded_lines": 0, "percent_statements_covered": 100.0, "percent_statements_covered_display": "100.00", "num_branches": 0, "num_partial_branches": 0, "covered_branches": 0, "missing_branches": 0, "percent_branches_covered": 100.0, "percent_branches_covered_display": "100.00"}, "missing_lines": [], "excluded_lines": [], "start_line": 40, "executed_branches": [], "missing_branches": []}, "FuzzyMatcher.index_skills": {"executed_lines": [61, 63, 64, 68, 69, 70, 73, 75, 76, 77], "summary": {"covered_lines": 10, "num_statements": 10, "percent_covered": 100.0, "percent_covered_display": "100.00", "missing_lines": 0, "excluded_lines": 0, "percent_statements_covered": 100.0, "percent_statements_covered_display": "100.00", "num_branches": 6, "num_partial_branches": 0, "covered_branches": 6, "missing_branches": 0, "percent_branches_covered": 100.0, "percent_branches_covered_display": "100.00"}, "missing_lines": [], "excluded_lines": [], "start_line": 55, "executed_branches": [[63, -55], [63, 64], [69, 70], [69, 73], [76, 63], [76, 77]], "missing_branches": []}, "FuzzyMatcher.match": {"executed_lines": [93, 94, 97, 98, 100, 103, 105, 106, 108, 109, 111, 113, 115, 117, 118, 120, 121, 122, 124, 129, 139, 141], "summary": {"covered_lines": 22, "num_statements": 22, "percent_covered": 97.22222222222223, "percent_covered_display": "97.22", "missing_lines": 0, "excluded_lines": 0, "percent_statements_covered": 100.0, "percent_statements_covered_display": "100.00", "num_branches": 14, "num_partial_branches": 1, "covered_branches": 13, "missing_branches": 1, "percent_branches_covered": 92.85714285714286, "percent_branches_covered_display": "92.86"}, "missing_lines": [], "excluded_lines": [], "start_line": 79, "executed_branches": [[93, 94], [93, 97], [103, 105], [103, 139], [105, 106], [105, 108], [111, 113], [111, 124], [115, 111], [115, 117], [120, 121], [124, 103], [124, 129]], "missing_branches": [[120, 111]]}, "FuzzyMatcher._levenshtein_distance": {"executed_lines": [159, 160, 162, 163, 166, 168, 169, 171, 173, 174, 175, 178, 180, 182], "summary": {"covered_lines": 14, "num_statements": 14, "percent_covered": 100.0, "percent_covered_display": "100.00", "missing_lines": 0, "excluded_lines": 0, "percent_statements_covered": 100.0, "percent_statements_covered_display": "100.00", "num_branches": 8, "num_partial_branches": 0, "covered_branches": 8, "missing_branches": 0, "percent_branches_covered": 100.0, "percent_branches_covered_display": "100.00"}, "missing_lines": [], "excluded_lines": [], "start_line": 143, "executed_branches": [[159, 160], [159, 162], [162, 163], [162, 166], [168, 169], [168, 182], [171, 173], [171, 180]], "missing_branches": []}, "FuzzyMatcher._extract_keywords": {"executed_lines": [195, 196, 198, 199, 200, 201, 202, 205, 206, 207, 208, 209, 211], "summary": {"covered_lines": 13, "num_statements": 13, "percent_covered": 100.0, "percent_covered_display": "100.00", "missing_lines": 0, "excluded_lines": 0, "percent_statements_covered": 100.0, "percent_statements_covered_display": "100.00", "num_branches": 8, "num_partial_branches": 0, "covered_branches": 8, "missing_branches": 0, "percent_branches_covered": 100.0, "percent_branches_covered_display": "100.00"}, "missing_lines": [], "excluded_lines": [], "start_line": 184, "executed_branches": [[198, 199], [198, 205], [200, 201], [200, 202], [206, 207], [206, 211], [208, 206], [208, 209]], "missing_branches": []}, "FuzzyMatcher.suggest_corrections": {"executed_lines": [227, 229, 232, 233, 235, 236, 238, 239, 241, 245, 247, 251, 252, 253, 255], "summary": {"covered_lines": 15, "num_statements": 17, "percent_covered": 81.48148148148148, "percent_covered_display": "81.48", "missing_lines": 2, "excluded_lines": 0, "percent_statements_covered": 88.23529411764706, "percent_statements_covered_display": "88.24", "num_branches": 10, "num_partial_branches": 3, "covered_branches": 7, "missing_branches": 3, "percent_branches_covered": 70.0, "percent_branches_covered_display": "70.00"}, "missing_lines": [230, 249], "excluded_lines": [], "start_line": 213, "executed_branches": [[229, 232], [233, 235], [233, 255], [238, 239], [238, 251], [245, 247], [252, 253]], "missing_branches": [[229, 230], [245, 249], [252, 233]]}, "": {"executed_lines": [9, 10, 13, 14, 24, 25, 26, 27, 30, 40, 55, 79, 143, 184, 213], "summary": {"covered_lines": 15, "num_statements": 15, "percent_covered": 100.0, "percent_covered_display": "100.00", "missing_lines": 0, "excluded_lines": 0, "percent_statements_covered": 100.0, "percent_statements_covered_display": "100.00", "num_branches": 0, "num_partial_branches": 0, "covered_branches": 0, "missing_branches": 0, "percent_branches_covered": 100.0, "percent_branches_covered_display": "100.00"}, "missing_lines": [], "excluded_lines": [], "start_line": 1, "executed_branches": [], "missing_branches": []}}, "classes": {"FuzzyMatch": {"executed_lines": [], "summary": {"covered_lines": 0, "num_statements": 0, "percent_covered": 100.0, "percent_covered_display": "100.00", "missing_lines": 0, "excluded_lines": 0, "percent_statements_covered": 100.0, "percent_statements_covered_display": "100.00", "num_branches": 0, "num_partial_branches": 0, "covered_branches": 0, "missing_branches": 0, "percent_branches_covered": 100.0, "percent_branches_covered_display": "100.00"}, "missing_lines": [], "excluded_lines": [], "start_line": 14, "executed_branches": [], "missing_branches": []}, "FuzzyMatcher": {"executed_lines": [51, 52, 53, 61, 63, 64, 68, 69, 70, 73, 75, 76, 77, 93, 94, 97, 98, 100, 103, 105, 106, 108, 109, 111, 113, 115, 117, 118, 120, 121, 122, 124, 129, 139, 141, 159, 160, 162, 163, 166, 168, 169, 171, 173, 174, 175, 178, 180, 182, 195, 196, 198, 199, 200, 201, 202, 205, 206, 207, 208, 209, 211, 227, 229, 232, 233, 235, 236, 238, 239, 241, 245, 247, 251, 252, 253, 255], "summary": {"covered_lines": 77, "num_statements": 79, "percent_covered": 95.2, "percent_covered_display": "95.20", "missing_lines": 2, "excluded_lines": 0, "percent_statements_covered": 97.46835443037975, "percent_statements_covered_display": "97.47", "num_branches": 46, "num_partial_branches": 4, "covered_branches": 42, "missing_branches": 4, "percent_branches_covered": 91.30434782608695, "percent_branches_covered_display": "91.30"}, "missing_lines": [230, 249], "excluded_lines": [], "start_line": 30, "executed_branches": [[63, -55], [63, 64], [69, 70], [69, 73], [76, 63], [76, 77], [93, 94], [93, 97], [103, 105], [103, 139], [105, 106], [105, 108], [111, 113], [111, 124], [115, 111], [115, 117], [120, 121], [124, 103], [124, 129], [159, 160], [159, 162], [162, 163], [162, 166], [168, 169], [168, 182], [171, 173], [171, 180], [198, 199], [198, 205], [200, 201], [200, 202], [206, 207], [206, 211], [208, 206], [208, 209], [229, 232], [233, 235], [233, 255], [238, 239], [238, 251], [245, 247], [252, 253]], "missing_branches": [[120, 111], [229, 230], [245, 249], [252, 233]]}, "": {"executed_lines": [9, 10, 13, 14, 24, 25, 26, 27, 30, 40, 55, 79, 143, 184, 213], "summary": {"covered_lines": 15, "num_statements": 15, "percent_covered": 100.0, "percent_covered_display": "100.00", "missing_lines": 0, "excluded_lines": 0, "percent_statements_covered": 100.0, "percent_statements_covered_display": "100.00", "num_branches": 0, "num_partial_branches": 0, "covered_branches": 0, "missing_branches": 0, "percent_branches_covered": 100.0, "percent_branches_covered_display": "100.00"}, "missing_lines": [], "excluded_lines": [], "start_line": 1, "executed_branches": [], "missing_branches": []}}}, "src/vibesop/core/routing/semantic.py": {"executed_lines": [9, 10, 11, 12, 13, 15, 18, 153, 154, 163, 164, 165, 168, 169, 178, 179, 180, 183, 193, 202, 203, 204, 205, 207, 218, 219, 222, 224, 225, 228, 230, 232, 241, 244, 246, 260, 261, 264, 266, 267, 270, 271, 277, 278, 279, 281, 282, 291, 293, 295, 305, 308, 311, 314, 320, 322, 331, 335, 338, 340, 342, 344, 349, 350, 352, 353, 354, 355, 358, 363, 378, 379, 385, 387, 391, 396, 399, 404, 405, 407, 409, 421], "summary": {"covered_lines": 82, "num_statements": 86, "percent_covered": 93.51851851851852, "percent_covered_display": "93.52", "missing_lines": 4, "excluded_lines": 0, "percent_statements_covered": 95.34883720930233, "percent_statements_covered_display": "95.35", "num_branches": 22, "num_partial_branches": 3, "covered_branches": 19, "missing_branches": 3, "percent_branches_covered": 86.36363636363636, "percent_branches_covered_display": "86.36"}, "missing_lines": [332, 345, 346, 388], "excluded_lines": [], "executed_branches": [[222, 224], [222, 244], [260, 261], [260, 264], [266, 267], [266, 270], [278, 279], [278, 291], [281, 278], [281, 282], [331, 335], [344, 349], [352, 353], [352, 358], [354, 352], [354, 355], [387, 391], [404, 405], [404, 407]], "missing_branches": [[331, 332], [344, 345], [387, 388]], "functions": {"SemanticMatcher.__init__": {"executed_lines": [202, 203, 204, 205], "summary": {"covered_lines": 4, "num_statements": 4, "percent_covered": 100.0, "percent_covered_display": "100.00", "missing_lines": 0, "excluded_lines": 0, "percent_statements_covered": 100.0, "percent_statements_covered_display": "100.00", "num_branches": 0, "num_partial_branches": 0, "covered_branches": 0, "missing_branches": 0, "percent_branches_covered": 100.0, "percent_branches_covered_display": "100.00"}, "missing_lines": [], "excluded_lines": [], "start_line": 193, "executed_branches": [], "missing_branches": []}, "SemanticMatcher.index_skills": {"executed_lines": [218, 219, 222, 224, 225, 228, 230, 232, 241, 244], "summary": {"covered_lines": 10, "num_statements": 10, "percent_covered": 100.0, "percent_covered_display": "100.00", "missing_lines": 0, "excluded_lines": 0, "percent_statements_covered": 100.0, "percent_statements_covered_display": "100.00", "num_branches": 2, "num_partial_branches": 0, "covered_branches": 2, "missing_branches": 0, "percent_branches_covered": 100.0, "percent_branches_covered_display": "100.00"}, "missing_lines": [], "excluded_lines": [], "start_line": 207, "executed_branches": [[222, 224], [222, 244]], "missing_branches": []}, "SemanticMatcher.match": {"executed_lines": [260, 261, 264, 266, 267, 270, 271, 277, 278, 279, 281, 282, 291, 293], "summary": {"covered_lines": 14, "num_statements": 14, "percent_covered": 100.0, "percent_covered_display": "100.00", "missing_lines": 0, "excluded_lines": 0, "percent_statements_covered": 100.0, "percent_statements_covered_display": "100.00", "num_branches": 8, "num_partial_branches": 0, "covered_branches": 8, "missing_branches": 0, "percent_branches_covered": 100.0, "percent_branches_covered_display": "100.00"}, "missing_lines": [], "excluded_lines": [], "start_line": 246, "executed_branches": [[260, 261], [260, 264], [266, 267], [266, 270], [278, 279], [278, 291], [281, 278], [281, 282]], "missing_branches": []}, "SemanticMatcher._tokenize": {"executed_lines": [305, 308, 311, 314, 320], "summary": {"covered_lines": 5, "num_statements": 5, "percent_covered": 100.0, "percent_covered_display": "100.00", "missing_lines": 0, "excluded_lines": 0, "percent_statements_covered": 100.0, "percent_statements_covered_display": "100.00", "num_branches": 0, "num_partial_branches": 0, "covered_branches": 0, "missing_branches": 0, "percent_branches_covered": 100.0, "percent_branches_covered_display": "100.00"}, "missing_lines": [], "excluded_lines": [], "start_line": 295, "executed_branches": [], "missing_branches": []}, "SemanticMatcher._calculate_tf": {"executed_lines": [331, 335, 338, 340], "summary": {"covered_lines": 4, "num_statements": 5, "percent_covered": 71.42857142857143, "percent_covered_display": "71.43", "missing_lines": 1, "excluded_lines": 0, "percent_statements_covered": 80.0, "percent_statements_covered_display": "80.00", "num_branches": 2, "num_partial_branches": 1, "covered_branches": 1, "missing_branches": 1, "percent_branches_covered": 50.0, "percent_branches_covered_display": "50.00"}, "missing_lines": [332], "excluded_lines": [], "start_line": 322, "executed_branches": [[331, 335]], "missing_branches": [[331, 332]]}, "SemanticMatcher._calculate_idf": {"executed_lines": [344, 349, 350, 352, 353, 354, 355, 358], "summary": {"covered_lines": 8, "num_statements": 10, "percent_covered": 81.25, "percent_covered_display": "81.25", "missing_lines": 2, "excluded_lines": 0, "percent_statements_covered": 80.0, "percent_statements_covered_display": "80.00", "num_branches": 6, "num_partial_branches": 1, "covered_branches": 5, "missing_branches": 1, "percent_branches_covered": 83.33333333333333, "percent_branches_covered_display": "83.33"}, "missing_lines": [345, 346], "excluded_lines": [], "start_line": 342, "executed_branches": [[344, 349], [352, 353], [352, 358], [354, 352], [354, 355]], "missing_branches": [[344, 345]]}, "SemanticMatcher._cosine_similarity": {"executed_lines": [378, 379, 385, 387, 391, 396, 399, 404, 405, 407], "summary": {"covered_lines": 10, "num_statements": 11, "percent_covered": 86.66666666666667, "percent_covered_display": "86.67", "missing_lines": 1, "excluded_lines": 0, "percent_statements_covered": 90.9090909090909, "percent_statements_covered_display": "90.91", "num_branches": 4, "num_partial_branches": 1, "covered_branches": 3, "missing_branches": 1, "percent_branches_covered": 75.0, "percent_branches_covered_display": "75.00"}, "missing_lines": [388], "excluded_lines": [], "start_line": 363, "executed_branches": [[387, 391], [404, 405], [404, 407]], "missing_branches": [[387, 388]]}, "SemanticMatcher.get_term_importance": {"executed_lines": [421], "summary": {"covered_lines": 1, "num_statements": 1, "percent_covered": 100.0, "percent_covered_display": "100.00", "missing_lines": 0, "excluded_lines": 0, "percent_statements_covered": 100.0, "percent_statements_covered_display": "100.00", "num_branches": 0, "num_partial_branches": 0, "covered_branches": 0, "missing_branches": 0, "percent_branches_covered": 100.0, "percent_branches_covered_display": "100.00"}, "missing_lines": [], "excluded_lines": [], "start_line": 409, "executed_branches": [], "missing_branches": []}, "": {"executed_lines": [9, 10, 11, 12, 13, 15, 18, 153, 154, 163, 164, 165, 168, 169, 178, 179, 180, 183, 193, 207, 246, 295, 322, 342, 363, 409], "summary": {"covered_lines": 26, "num_statements": 26, "percent_covered": 100.0, "percent_covered_display": "100.00", "missing_lines": 0, "excluded_lines": 0, "percent_statements_covered": 100.0, "percent_statements_covered_display": "100.00", "num_branches": 0, "num_partial_branches": 0, "covered_branches": 0, "missing_branches": 0, "percent_branches_covered": 100.0, "percent_branches_covered_display": "100.00"}, "missing_lines": [], "excluded_lines": [], "start_line": 1, "executed_branches": [], "missing_branches": []}}, "classes": {"Document": {"executed_lines": [], "summary": {"covered_lines": 0, "num_statements": 0, "percent_covered": 100.0, "percent_covered_display": "100.00", "missing_lines": 0, "excluded_lines": 0, "percent_statements_covered": 100.0, "percent_statements_covered_display": "100.00", "num_branches": 0, "num_partial_branches": 0, "covered_branches": 0, "missing_branches": 0, "percent_branches_covered": 100.0, "percent_branches_covered_display": "100.00"}, "missing_lines": [], "excluded_lines": [], "start_line": 154, "executed_branches": [], "missing_branches": []}, "SemanticMatch": {"executed_lines": [], "summary": {"covered_lines": 0, "num_statements": 0, "percent_covered": 100.0, "percent_covered_display": "100.00", "missing_lines": 0, "excluded_lines": 0, "percent_statements_covered": 100.0, "percent_statements_covered_display": "100.00", "num_branches": 0, "num_partial_branches": 0, "covered_branches": 0, "missing_branches": 0, "percent_branches_covered": 100.0, "percent_branches_covered_display": "100.00"}, "missing_lines": [], "excluded_lines": [], "start_line": 169, "executed_branches": [], "missing_branches": []}, "SemanticMatcher": {"executed_lines": [202, 203, 204, 205, 218, 219, 222, 224, 225, 228, 230, 232, 241, 244, 260, 261, 264, 266, 267, 270, 271, 277, 278, 279, 281, 282, 291, 293, 305, 308, 311, 314, 320, 331, 335, 338, 340, 344, 349, 350, 352, 353, 354, 355, 358, 378, 379, 385, 387, 391, 396, 399, 404, 405, 407, 421], "summary": {"covered_lines": 56, "num_statements": 60, "percent_covered": 91.46341463414635, "percent_covered_display": "91.46", "missing_lines": 4, "excluded_lines": 0, "percent_statements_covered": 93.33333333333333, "percent_statements_covered_display": "93.33", "num_branches": 22, "num_partial_branches": 3, "covered_branches": 19, "missing_branches": 3, "percent_branches_covered": 86.36363636363636, "percent_branches_covered_display": "86.36"}, "missing_lines": [332, 345, 346, 388], "excluded_lines": [], "start_line": 183, "executed_branches": [[222, 224], [222, 244], [260, 261], [260, 264], [266, 267], [266, 270], [278, 279], [278, 291], [281, 278], [281, 282], [331, 335], [344, 349], [352, 353], [352, 358], [354, 352], [354, 355], [387, 391], [404, 405], [404, 407]], "missing_branches": [[331, 332], [344, 345], [387, 388]]}, "": {"executed_lines": [9, 10, 11, 12, 13, 15, 18, 153, 154, 163, 164, 165, 168, 169, 178, 179, 180, 183, 193, 207, 246, 295, 322, 342, 363, 409], "summary": {"covered_lines": 26, "num_statements": 26, "percent_covered": 100.0, "percent_covered_display": "100.00", "missing_lines": 0, "excluded_lines": 0, "percent_statements_covered": 100.0, "percent_statements_covered_display": "100.00", "num_branches": 0, "num_partial_branches": 0, "covered_branches": 0, "missing_branches": 0, "percent_branches_covered": 100.0, "percent_branches_covered_display": "100.00"}, "missing_lines": [], "excluded_lines": [], "start_line": 1, "executed_branches": [], "missing_branches": []}}}, "src/vibesop/llm/anthropic.py": {"executed_lines": [6, 8, 9, 11, 14, 24, 25, 26, 29, 31, 55, 56, 60, 64, 117], "summary": {"covered_lines": 15, "num_statements": 40, "percent_covered": 30.0, "percent_covered_display": "30.00", "missing_lines": 25, "excluded_lines": 0, "percent_statements_covered": 37.5, "percent_statements_covered_display": "37.50", "num_branches": 10, "num_partial_branches": 0, "covered_branches": 0, "missing_branches": 10, "percent_branches_covered": 0.0, "percent_branches_covered_display": "0.00"}, "missing_lines": [42, 43, 45, 46, 48, 51, 52, 53, 58, 62, 86, 87, 88, 90, 91, 93, 94, 101, 102, 104, 106, 113, 114, 115, 122], "excluded_lines": [], "executed_branches": [], "missing_branches": [[42, 43], [42, 45], [45, 46], [45, 48], [52, -31], [52, 53], [86, 87], [86, 90], [90, 91], [90, 93]], "functions": {"AnthropicProvider.__init__": {"executed_lines": [], "summary": {"covered_lines": 0, "num_statements": 8, "percent_covered": 0.0, "percent_covered_display": "0.00", "missing_lines": 8, "excluded_lines": 0, "percent_statements_covered": 0.0, "percent_statements_covered_display": "0.00", "num_branches": 6, "num_partial_branches": 0, "covered_branches": 0, "missing_branches": 6, "percent_branches_covered": 0.0, "percent_branches_covered_display": "0.00"}, "missing_lines": [42, 43, 45, 46, 48, 51, 52, 53], "excluded_lines": [], "start_line": 31, "executed_branches": [], "missing_branches": [[42, 43], [42, 45], [45, 46], [45, 48], [52, -31], [52, 53]]}, "AnthropicProvider.provider_name": {"executed_lines": [], "summary": {"covered_lines": 0, "num_statements": 1, "percent_covered": 0.0, "percent_covered_display": "0.00", "missing_lines": 1, "excluded_lines": 0, "percent_statements_covered": 0.0, "percent_statements_covered_display": "0.00", "num_branches": 0, "num_partial_branches": 0, "covered_branches": 0, "missing_branches": 0, "percent_branches_covered": 100.0, "percent_branches_covered_display": "100.00"}, "missing_lines": [58], "excluded_lines": [], "start_line": 56, "executed_branches": [], "missing_branches": []}, "AnthropicProvider.default_model": {"executed_lines": [], "summary": {"covered_lines": 0, "num_statements": 1, "percent_covered": 0.0, "percent_covered_display": "0.00", "missing_lines": 1, "excluded_lines": 0, "percent_statements_covered": 0.0, "percent_statements_covered_display": "0.00", "num_branches": 0, "num_partial_branches": 0, "covered_branches": 0, "missing_branches": 0, "percent_branches_covered": 100.0, "percent_branches_covered_display": "100.00"}, "missing_lines": [62], "excluded_lines": [], "start_line": 60, "executed_branches": [], "missing_branches": []}, "AnthropicProvider.call": {"executed_lines": [], "summary": {"covered_lines": 0, "num_statements": 14, "percent_covered": 0.0, "percent_covered_display": "0.00", "missing_lines": 14, "excluded_lines": 0, "percent_statements_covered": 0.0, "percent_statements_covered_display": "0.00", "num_branches": 4, "num_partial_branches": 0, "covered_branches": 0, "missing_branches": 4, "percent_branches_covered": 0.0, "percent_branches_covered_display": "0.00"}, "missing_lines": [86, 87, 88, 90, 91, 93, 94, 101, 102, 104, 106, 113, 114, 115], "excluded_lines": [], "start_line": 64, "executed_branches": [], "missing_branches": [[86, 87], [86, 90], [90, 91], [90, 93]]}, "AnthropicProvider._is_configured": {"executed_lines": [], "summary": {"covered_lines": 0, "num_statements": 1, "percent_covered": 0.0, "percent_covered_display": "0.00", "missing_lines": 1, "excluded_lines": 0, "percent_statements_covered": 0.0, "percent_statements_covered_display": "0.00", "num_branches": 0, "num_partial_branches": 0, "covered_branches": 0, "missing_branches": 0, "percent_branches_covered": 100.0, "percent_branches_covered_display": "100.00"}, "missing_lines": [122], "excluded_lines": [], "start_line": 117, "executed_branches": [], "missing_branches": []}, "": {"executed_lines": [6, 8, 9, 11, 14, 24, 25, 26, 29, 31, 55, 56, 60, 64, 117], "summary": {"covered_lines": 15, "num_statements": 15, "percent_covered": 100.0, "percent_covered_display": "100.00", "missing_lines": 0, "excluded_lines": 0, "percent_statements_covered": 100.0, "percent_statements_covered_display": "100.00", "num_branches": 0, "num_partial_branches": 0, "covered_branches": 0, "missing_branches": 0, "percent_branches_covered": 100.0, "percent_branches_covered_display": "100.00"}, "missing_lines": [], "excluded_lines": [], "start_line": 1, "executed_branches": [], "missing_branches": []}}, "classes": {"AnthropicProvider": {"executed_lines": [], "summary": {"covered_lines": 0, "num_statements": 25, "percent_covered": 0.0, "percent_covered_display": "0.00", "missing_lines": 25, "excluded_lines": 0, "percent_statements_covered": 0.0, "percent_statements_covered_display": "0.00", "num_branches": 10, "num_partial_branches": 0, "covered_branches": 0, "missing_branches": 10, "percent_branches_covered": 0.0, "percent_branches_covered_display": "0.00"}, "missing_lines": [42, 43, 45, 46, 48, 51, 52, 53, 58, 62, 86, 87, 88, 90, 91, 93, 94, 101, 102, 104, 106, 113, 114, 115, 122], "excluded_lines": [], "start_line": 14, "executed_branches": [], "missing_branches": [[42, 43], [42, 45], [45, 46], [45, 48], [52, -31], [52, 53], [86, 87], [86, 90], [90, 91], [90, 93]]}, "": {"executed_lines": [6, 8, 9, 11, 14, 24, 25, 26, 29, 31, 55, 56, 60, 64, 117], "summary": {"covered_lines": 15, "num_statements": 15, "percent_covered": 100.0, "percent_covered_display": "100.00", "missing_lines": 0, "excluded_lines": 0, "percent_statements_covered": 100.0, "percent_statements_covered_display": "100.00", "num_branches": 0, "num_partial_branches": 0, "covered_branches": 0, "missing_branches": 0, "percent_branches_covered": 100.0, "percent_branches_covered_display": "100.00"}, "missing_lines": [], "excluded_lines": [], "start_line": 1, "executed_branches": [], "missing_branches": []}}}, "src/vibesop/llm/base.py": {"executed_lines": [6, 7, 10, 11, 21, 22, 23, 24, 27, 28, 39, 40, 41, 42, 43, 46, 53, 115, 123, 137, 145], "summary": {"covered_lines": 21, "num_statements": 30, "percent_covered": 65.625, "percent_covered_display": "65.62", "missing_lines": 9, "excluded_lines": 40, "percent_statements_covered": 70.0, "percent_statements_covered_display": "70.00", "num_branches": 2, "num_partial_branches": 0, "covered_branches": 0, "missing_branches": 2, "percent_branches_covered": 0.0, "percent_branches_covered_display": "0.00"}, "missing_lines": [64, 65, 66, 121, 129, 143, 151, 152, 153], "excluded_lines": [72, 73, 74, 75, 76, 77, 78, 79, 80, 81, 82, 83, 84, 85, 86, 87, 88, 89, 90, 91, 92, 93, 94, 96, 97, 98, 99, 100, 101, 102, 103, 104, 106, 107, 108, 109, 110, 111, 112, 113], "executed_branches": [], "missing_branches": [[152, -145], [152, 153]], "functions": {"LLMProvider.__init__": {"executed_lines": [], "summary": {"covered_lines": 0, "num_statements": 3, "percent_covered": 0.0, "percent_covered_display": "0.00", "missing_lines": 3, "excluded_lines": 0, "percent_statements_covered": 0.0, "percent_statements_covered_display": "0.00", "num_branches": 0, "num_partial_branches": 0, "covered_branches": 0, "missing_branches": 0, "percent_branches_covered": 100.0, "percent_branches_covered_display": "100.00"}, "missing_lines": [64, 65, 66], "excluded_lines": [], "start_line": 53, "executed_branches": [], "missing_branches": []}, "LLMProvider.call": {"executed_lines": [], "summary": {"covered_lines": 0, "num_statements": 0, "percent_covered": 100.0, "percent_covered_display": "100.00", "missing_lines": 0, "excluded_lines": 15, "percent_statements_covered": 100.0, "percent_statements_covered_display": "100.00", "num_branches": 0, "num_partial_branches": 0, "covered_branches": 0, "missing_branches": 0, "percent_branches_covered": 100.0, "percent_branches_covered_display": "100.00"}, "missing_lines": [], "excluded_lines": [80, 81, 82, 83, 84, 85, 86, 87, 88, 89, 90, 91, 92, 93, 94], "start_line": 73, "executed_branches": [], "missing_branches": []}, "LLMProvider.provider_name": {"executed_lines": [], "summary": {"covered_lines": 0, "num_statements": 0, "percent_covered": 100.0, "percent_covered_display": "100.00", "missing_lines": 0, "excluded_lines": 6, "percent_statements_covered": 100.0, "percent_statements_covered_display": "100.00", "num_branches": 0, "num_partial_branches": 0, "covered_branches": 0, "missing_branches": 0, "percent_branches_covered": 100.0, "percent_branches_covered_display": "100.00"}, "missing_lines": [], "excluded_lines": [99, 100, 101, 102, 103, 104], "start_line": 98, "executed_branches": [], "missing_branches": []}, "LLMProvider.default_model": {"executed_lines": [], "summary": {"covered_lines": 0, "num_statements": 0, "percent_covered": 100.0, "percent_covered_display": "100.00", "missing_lines": 0, "excluded_lines": 6, "percent_statements_covered": 100.0, "percent_statements_covered_display": "100.00", "num_branches": 0, "num_partial_branches": 0, "covered_branches": 0, "missing_branches": 0, "percent_branches_covered": 100.0, "percent_branches_covered_display": "100.00"}, "missing_lines": [], "excluded_lines": [108, 109, 110, 111, 112, 113], "start_line": 107, "executed_branches": [], "missing_branches": []}, "LLMProvider.configured": {"executed_lines": [], "summary": {"covered_lines": 0, "num_statements": 1, "percent_covered": 0.0, "percent_covered_display": "0.00", "missing_lines": 1, "excluded_lines": 0, "percent_statements_covered": 0.0, "percent_statements_covered_display": "0.00", "num_branches": 0, "num_partial_branches": 0, "covered_branches": 0, "missing_branches": 0, "percent_branches_covered": 100.0, "percent_branches_covered_display": "100.00"}, "missing_lines": [121], "excluded_lines": [], "start_line": 115, "executed_branches": [], "missing_branches": []}, "LLMProvider.stats": {"executed_lines": [], "summary": {"covered_lines": 0, "num_statements": 1, "percent_covered": 0.0, "percent_covered_display": "0.00", "missing_lines": 1, "excluded_lines": 0, "percent_statements_covered": 0.0, "percent_statements_covered_display": "0.00", "num_branches": 0, "num_partial_branches": 0, "covered_branches": 0, "missing_branches": 0, "percent_branches_covered": 100.0, "percent_branches_covered_display": "100.00"}, "missing_lines": [129], "excluded_lines": [], "start_line": 123, "executed_branches": [], "missing_branches": []}, "LLMProvider._is_configured": {"executed_lines": [], "summary": {"covered_lines": 0, "num_statements": 1, "percent_covered": 0.0, "percent_covered_display": "0.00", "missing_lines": 1, "excluded_lines": 0, "percent_statements_covered": 0.0, "percent_statements_covered_display": "0.00", "num_branches": 0, "num_partial_branches": 0, "covered_branches": 0, "missing_branches": 0, "percent_branches_covered": 100.0, "percent_branches_covered_display": "100.00"}, "missing_lines": [143], "excluded_lines": [], "start_line": 137, "executed_branches": [], "missing_branches": []}, "LLMProvider._record_call": {"executed_lines": [], "summary": {"covered_lines": 0, "num_statements": 3, "percent_covered": 0.0, "percent_covered_display": "0.00", "missing_lines": 3, "excluded_lines": 0, "percent_statements_covered": 0.0, "percent_statements_covered_display": "0.00", "num_branches": 2, "num_partial_branches": 0, "covered_branches": 0, "missing_branches": 2, "percent_branches_covered": 0.0, "percent_branches_covered_display": "0.00"}, "missing_lines": [151, 152, 153], "excluded_lines": [], "start_line": 145, "executed_branches": [], "missing_branches": [[152, -145], [152, 153]]}, "": {"executed_lines": [6, 7, 10, 11, 21, 22, 23, 24, 27, 28, 39, 40, 41, 42, 43, 46, 53, 115, 123, 137, 145], "summary": {"covered_lines": 21, "num_statements": 21, "percent_covered": 100.0, "percent_covered_display": "100.00", "missing_lines": 0, "excluded_lines": 13, "percent_statements_covered": 100.0, "percent_statements_covered_display": "100.00", "num_branches": 0, "num_partial_branches": 0, "covered_branches": 0, "missing_branches": 0, "percent_branches_covered": 100.0, "percent_branches_covered_display": "100.00"}, "missing_lines": [], "excluded_lines": [72, 73, 74, 75, 76, 77, 78, 79, 96, 97, 98, 106, 107], "start_line": 1, "executed_branches": [], "missing_branches": []}}, "classes": {"LLMResponse": {"executed_lines": [], "summary": {"covered_lines": 0, "num_statements": 0, "percent_covered": 100.0, "percent_covered_display": "100.00", "missing_lines": 0, "excluded_lines": 0, "percent_statements_covered": 100.0, "percent_statements_covered_display": "100.00", "num_branches": 0, "num_partial_branches": 0, "covered_branches": 0, "missing_branches": 0, "percent_branches_covered": 100.0, "percent_branches_covered_display": "100.00"}, "missing_lines": [], "excluded_lines": [], "start_line": 11, "executed_branches": [], "missing_branches": []}, "ProviderStats": {"executed_lines": [], "summary": {"covered_lines": 0, "num_statements": 0, "percent_covered": 100.0, "percent_covered_display": "100.00", "missing_lines": 0, "excluded_lines": 0, "percent_statements_covered": 100.0, "percent_statements_covered_display": "100.00", "num_branches": 0, "num_partial_branches": 0, "covered_branches": 0, "missing_branches": 0, "percent_branches_covered": 100.0, "percent_branches_covered_display": "100.00"}, "missing_lines": [], "excluded_lines": [], "start_line": 28, "executed_branches": [], "missing_branches": []}, "LLMProvider": {"executed_lines": [], "summary": {"covered_lines": 0, "num_statements": 9, "percent_covered": 0.0, "percent_covered_display": "0.00", "missing_lines": 9, "excluded_lines": 27, "percent_statements_covered": 0.0, "percent_statements_covered_display": "0.00", "num_branches": 2, "num_partial_branches": 0, "covered_branches": 0, "missing_branches": 2, "percent_branches_covered": 0.0, "percent_branches_covered_display": "0.00"}, "missing_lines": [64, 65, 66, 121, 129, 143, 151, 152, 153], "excluded_lines": [80, 81, 82, 83, 84, 85, 86, 87, 88, 89, 90, 91, 92, 93, 94, 99, 100, 101, 102, 103, 104, 108, 109, 110, 111, 112, 113], "start_line": 46, "executed_branches": [], "missing_branches": [[152, -145], [152, 153]]}, "": {"executed_lines": [6, 7, 10, 11, 21, 22, 23, 24, 27, 28, 39, 40, 41, 42, 43, 46, 53, 115, 123, 137, 145], "summary": {"covered_lines": 21, "num_statements": 21, "percent_covered": 100.0, "percent_covered_display": "100.00", "missing_lines": 0, "excluded_lines": 13, "percent_statements_covered": 100.0, "percent_statements_covered_display": "100.00", "num_branches": 0, "num_partial_branches": 0, "covered_branches": 0, "missing_branches": 0, "percent_branches_covered": 100.0, "percent_branches_covered_display": "100.00"}, "missing_lines": [], "excluded_lines": [72, 73, 74, 75, 76, 77, 78, 79, 96, 97, 98, 106, 107], "start_line": 1, "executed_branches": [], "missing_branches": []}}}, "src/vibesop/llm/factory.py": {"executed_lines": [6, 7, 9, 10, 11, 13, 16, 54, 82], "summary": {"covered_lines": 9, "num_statements": 33, "percent_covered": 18.367346938775512, "percent_covered_display": "18.37", "missing_lines": 24, "excluded_lines": 0, "percent_statements_covered": 27.272727272727273, "percent_statements_covered_display": "27.27", "num_branches": 16, "num_partial_branches": 0, "covered_branches": 0, "missing_branches": 16, "percent_branches_covered": 0.0, "percent_branches_covered_display": "0.00"}, "missing_lines": [42, 43, 45, 46, 47, 48, 50, 51, 67, 68, 69, 73, 74, 75, 76, 79, 102, 103, 104, 107, 108, 109, 110, 113], "excluded_lines": [], "executed_branches": [], "missing_branches": [[42, 43], [42, 45], [45, 46], [45, 47], [47, 48], [47, 50], [68, 69], [68, 73], [73, 74], [73, 75], [75, 76], [75, 79], [103, 104], [103, 107], [109, 110], [109, 113]], "functions": {"create_provider": {"executed_lines": [], "summary": {"covered_lines": 0, "num_statements": 8, "percent_covered": 0.0, "percent_covered_display": "0.00", "missing_lines": 8, "excluded_lines": 0, "percent_statements_covered": 0.0, "percent_statements_covered_display": "0.00", "num_branches": 6, "num_partial_branches": 0, "covered_branches": 0, "missing_branches": 6, "percent_branches_covered": 0.0, "percent_branches_covered_display": "0.00"}, "missing_lines": [42, 43, 45, 46, 47, 48, 50, 51], "excluded_lines": [], "start_line": 16, "executed_branches": [], "missing_branches": [[42, 43], [42, 45], [45, 46], [45, 47], [47, 48], [47, 50]]}, "detect_provider_from_env": {"executed_lines": [], "summary": {"covered_lines": 0, "num_statements": 8, "percent_covered": 0.0, "percent_covered_display": "0.00", "missing_lines": 8, "excluded_lines": 0, "percent_statements_covered": 0.0, "percent_statements_covered_display": "0.00", "num_branches": 6, "num_partial_branches": 0, "covered_branches": 0, "missing_branches": 6, "percent_branches_covered": 0.0, "percent_branches_covered_display": "0.00"}, "missing_lines": [67, 68, 69, 73, 74, 75, 76, 79], "excluded_lines": [], "start_line": 54, "executed_branches": [], "missing_branches": [[68, 69], [68, 73], [73, 74], [73, 75], [75, 76], [75, 79]]}, "create_from_env": {"executed_lines": [], "summary": {"covered_lines": 0, "num_statements": 8, "percent_covered": 0.0, "percent_covered_display": "0.00", "missing_lines": 8, "excluded_lines": 0, "percent_statements_covered": 0.0, "percent_statements_covered_display": "0.00", "num_branches": 4, "num_partial_branches": 0, "covered_branches": 0, "missing_branches": 4, "percent_branches_covered": 0.0, "percent_branches_covered_display": "0.00"}, "missing_lines": [102, 103, 104, 107, 108, 109, 110, 113], "excluded_lines": [], "start_line": 82, "executed_branches": [], "missing_branches": [[103, 104], [103, 107], [109, 110], [109, 113]]}, "": {"executed_lines": [6, 7, 9, 10, 11, 13, 16, 54, 82], "summary": {"covered_lines": 9, "num_statements": 9, "percent_covered": 100.0, "percent_covered_display": "100.00", "missing_lines": 0, "excluded_lines": 0, "percent_statements_covered": 100.0, "percent_statements_covered_display": "100.00", "num_branches": 0, "num_partial_branches": 0, "covered_branches": 0, "missing_branches": 0, "percent_branches_covered": 100.0, "percent_branches_covered_display": "100.00"}, "missing_lines": [], "excluded_lines": [], "start_line": 1, "executed_branches": [], "missing_branches": []}}, "classes": {"": {"executed_lines": [6, 7, 9, 10, 11, 13, 16, 54, 82], "summary": {"covered_lines": 9, "num_statements": 33, "percent_covered": 18.367346938775512, "percent_covered_display": "18.37", "missing_lines": 24, "excluded_lines": 0, "percent_statements_covered": 27.272727272727273, "percent_statements_covered_display": "27.27", "num_branches": 16, "num_partial_branches": 0, "covered_branches": 0, "missing_branches": 16, "percent_branches_covered": 0.0, "percent_branches_covered_display": "0.00"}, "missing_lines": [42, 43, 45, 46, 47, 48, 50, 51, 67, 68, 69, 73, 74, 75, 76, 79, 102, 103, 104, 107, 108, 109, 110, 113], "excluded_lines": [], "start_line": 1, "executed_branches": [], "missing_branches": [[42, 43], [42, 45], [45, 46], [45, 47], [47, 48], [47, 50], [68, 69], [68, 73], [73, 74], [73, 75], [75, 76], [75, 79], [103, 104], [103, 107], [109, 110], [109, 113]]}}}, "src/vibesop/llm/openai.py": {"executed_lines": [6, 8, 10, 13, 23, 24, 25, 28, 30, 54, 55, 59, 63, 116], "summary": {"covered_lines": 14, "num_statements": 39, "percent_covered": 28.571428571428573, "percent_covered_display": "28.57", "missing_lines": 25, "excluded_lines": 0, "percent_statements_covered": 35.8974358974359, "percent_statements_covered_display": "35.90", "num_branches": 10, "num_partial_branches": 0, "covered_branches": 0, "missing_branches": 10, "percent_branches_covered": 0.0, "percent_branches_covered_display": "0.00"}, "missing_lines": [41, 42, 44, 45, 47, 50, 51, 52, 57, 61, 85, 86, 87, 89, 90, 92, 93, 100, 101, 103, 105, 112, 113, 114, 121], "excluded_lines": [], "executed_branches": [], "missing_branches": [[41, 42], [41, 44], [44, 45], [44, 47], [51, -30], [51, 52], [85, 86], [85, 89], [89, 90], [89, 92]], "functions": {"OpenAIProvider.__init__": {"executed_lines": [], "summary": {"covered_lines": 0, "num_statements": 8, "percent_covered": 0.0, "percent_covered_display": "0.00", "missing_lines": 8, "excluded_lines": 0, "percent_statements_covered": 0.0, "percent_statements_covered_display": "0.00", "num_branches": 6, "num_partial_branches": 0, "covered_branches": 0, "missing_branches": 6, "percent_branches_covered": 0.0, "percent_branches_covered_display": "0.00"}, "missing_lines": [41, 42, 44, 45, 47, 50, 51, 52], "excluded_lines": [], "start_line": 30, "executed_branches": [], "missing_branches": [[41, 42], [41, 44], [44, 45], [44, 47], [51, -30], [51, 52]]}, "OpenAIProvider.provider_name": {"executed_lines": [], "summary": {"covered_lines": 0, "num_statements": 1, "percent_covered": 0.0, "percent_covered_display": "0.00", "missing_lines": 1, "excluded_lines": 0, "percent_statements_covered": 0.0, "percent_statements_covered_display": "0.00", "num_branches": 0, "num_partial_branches": 0, "covered_branches": 0, "missing_branches": 0, "percent_branches_covered": 100.0, "percent_branches_covered_display": "100.00"}, "missing_lines": [57], "excluded_lines": [], "start_line": 55, "executed_branches": [], "missing_branches": []}, "OpenAIProvider.default_model": {"executed_lines": [], "summary": {"covered_lines": 0, "num_statements": 1, "percent_covered": 0.0, "percent_covered_display": "0.00", "missing_lines": 1, "excluded_lines": 0, "percent_statements_covered": 0.0, "percent_statements_covered_display": "0.00", "num_branches": 0, "num_partial_branches": 0, "covered_branches": 0, "missing_branches": 0, "percent_branches_covered": 100.0, "percent_branches_covered_display": "100.00"}, "missing_lines": [61], "excluded_lines": [], "start_line": 59, "executed_branches": [], "missing_branches": []}, "OpenAIProvider.call": {"executed_lines": [], "summary": {"covered_lines": 0, "num_statements": 14, "percent_covered": 0.0, "percent_covered_display": "0.00", "missing_lines": 14, "excluded_lines": 0, "percent_statements_covered": 0.0, "percent_statements_covered_display": "0.00", "num_branches": 4, "num_partial_branches": 0, "covered_branches": 0, "missing_branches": 4, "percent_branches_covered": 0.0, "percent_branches_covered_display": "0.00"}, "missing_lines": [85, 86, 87, 89, 90, 92, 93, 100, 101, 103, 105, 112, 113, 114], "excluded_lines": [], "start_line": 63, "executed_branches": [], "missing_branches": [[85, 86], [85, 89], [89, 90], [89, 92]]}, "OpenAIProvider._is_configured": {"executed_lines": [], "summary": {"covered_lines": 0, "num_statements": 1, "percent_covered": 0.0, "percent_covered_display": "0.00", "missing_lines": 1, "excluded_lines": 0, "percent_statements_covered": 0.0, "percent_statements_covered_display": "0.00", "num_branches": 0, "num_partial_branches": 0, "covered_branches": 0, "missing_branches": 0, "percent_branches_covered": 100.0, "percent_branches_covered_display": "100.00"}, "missing_lines": [121], "excluded_lines": [], "start_line": 116, "executed_branches": [], "missing_branches": []}, "": {"executed_lines": [6, 8, 10, 13, 23, 24, 25, 28, 30, 54, 55, 59, 63, 116], "summary": {"covered_lines": 14, "num_statements": 14, "percent_covered": 100.0, "percent_covered_display": "100.00", "missing_lines": 0, "excluded_lines": 0, "percent_statements_covered": 100.0, "percent_statements_covered_display": "100.00", "num_branches": 0, "num_partial_branches": 0, "covered_branches": 0, "missing_branches": 0, "percent_branches_covered": 100.0, "percent_branches_covered_display": "100.00"}, "missing_lines": [], "excluded_lines": [], "start_line": 1, "executed_branches": [], "missing_branches": []}}, "classes": {"OpenAIProvider": {"executed_lines": [], "summary": {"covered_lines": 0, "num_statements": 25, "percent_covered": 0.0, "percent_covered_display": "0.00", "missing_lines": 25, "excluded_lines": 0, "percent_statements_covered": 0.0, "percent_statements_covered_display": "0.00", "num_branches": 10, "num_partial_branches": 0, "covered_branches": 0, "missing_branches": 10, "percent_branches_covered": 0.0, "percent_branches_covered_display": "0.00"}, "missing_lines": [41, 42, 44, 45, 47, 50, 51, 52, 57, 61, 85, 86, 87, 89, 90, 92, 93, 100, 101, 103, 105, 112, 113, 114, 121], "excluded_lines": [], "start_line": 13, "executed_branches": [], "missing_branches": [[41, 42], [41, 44], [44, 45], [44, 47], [51, -30], [51, 52], [85, 86], [85, 89], [89, 90], [89, 92]]}, "": {"executed_lines": [6, 8, 10, 13, 23, 24, 25, 28, 30, 54, 55, 59, 63, 116], "summary": {"covered_lines": 14, "num_statements": 14, "percent_covered": 100.0, "percent_covered_display": "100.00", "missing_lines": 0, "excluded_lines": 0, "percent_statements_covered": 100.0, "percent_statements_covered_display": "100.00", "num_branches": 0, "num_partial_branches": 0, "covered_branches": 0, "missing_branches": 0, "percent_branches_covered": 100.0, "percent_branches_covered_display": "100.00"}, "missing_lines": [], "excluded_lines": [], "start_line": 1, "executed_branches": [], "missing_branches": []}}}}, "totals": {"covered_lines": 492, "num_statements": 718, "percent_covered": 65.28662420382166, "percent_covered_display": "65.29", "missing_lines": 226, "excluded_lines": 40, "percent_statements_covered": 68.52367688022284, "percent_statements_covered_display": "68.52", "num_branches": 224, "num_partial_branches": 29, "covered_branches": 123, "missing_branches": 101, "percent_branches_covered": 54.910714285714285, "percent_branches_covered_display": "54.91"}}